1.569074034690857 1.514135479927063
1.4641425609588623 1.4201877117156982
1.378981590270996 1.337997555732727
1.3052399158477783 1.2743884325027466
1.4835143089294434 1.471494436264038
1.4424890279769897 1.4192891120910645
1.3974218368530273 1.380264401435852
1.3614461421966553 1.3452519178390503
1.330504298210144 1.3187029361724854
1.3047385215759277 1.2954226732254028
1.283984899520874 1.2766581773757935
1.2660785913467407 1.2600438594818115
1.2512123584747314 1.2440186738967896
1.2379264831542969 1.2335172891616821
1.2281497716903687 1.2277956008911133
1.2209032773971558 1.2193806171417236
1.2145311832427979 1.2123953104019165
1.209424614906311 1.2082784175872803
1.2052233219146729 1.2056982517242432
1.202121376991272 1.203216314315796
1.1991339921951294 1.1986526250839233
1.1963504552841187 1.1967278718948364
1.1921977996826172 1.190307378768921
1.1879181861877441 1.1862614154815674
1.184143304824829 1.183761715888977
1.1798251867294312 1.180185317993164
1.175560712814331 1.1726537942886353
1.171787977218628 1.1707608699798584
1.1691367626190186 1.1701397895812988
1.1663093566894531 1.167319416999817
