

================================================================
== Vivado HLS Report for 'dense_resource_ap_fixed_ap_fixed_config34_s'
================================================================
* Date:           Thu Apr 15 21:22:59 2021

* Version:        2019.1 (Build 2552052 on Fri May 24 15:28:33 MDT 2019)
* Project:        anomaly_detector_prj
* Solution:       solution1
* Product family: zynq
* Target device:  xc7z020-clg400-1


================================================================
== Performance Estimates
================================================================
+ Timing (ns): 
    * Summary: 
    +--------+-------+----------+------------+
    |  Clock | Target| Estimated| Uncertainty|
    +--------+-------+----------+------------+
    |ap_clk  |  10.00|     8.491|        1.25|
    +--------+-------+----------+------------+

+ Latency (clock cycles): 
    * Summary: 
    +-----+-----+-----+-----+---------------------------------------------+
    |  Latency  |  Interval |                   Pipeline                  |
    | min | max | min | max |                     Type                    |
    +-----+-----+-----+-----+---------------------------------------------+
    |  513|  514|  512|  512| loop rewind(delay=0 initiation interval(s)) |
    +-----+-----+-----+-----+---------------------------------------------+

    + Detail: 
        * Instance: 
        N/A

        * Loop: 
        +-------------+-----+-----+----------+-----------+-----------+------+----------+
        |             |  Latency  | Iteration|  Initiation Interval  | Trip |          |
        |  Loop Name  | min | max |  Latency |  achieved |   target  | Count| Pipelined|
        +-------------+-----+-----+----------+-----------+-----------+------+----------+
        |- ReuseLoop  |  513|  513|         3|          1|          1|   512|    yes   |
        +-------------+-----+-----+----------+-----------+-----------+------+----------+



================================================================
== Utilization Estimates
================================================================
* Summary: 
+-----------------+---------+-------+--------+-------+-----+
|       Name      | BRAM_18K| DSP48E|   FF   |  LUT  | URAM|
+-----------------+---------+-------+--------+-------+-----+
|DSP              |        -|      -|       -|      -|    -|
|Expression       |        -|      0|       0|    763|    -|
|FIFO             |        -|      -|       -|      -|    -|
|Instance         |        -|      -|       0|  12258|    -|
|Memory           |        3|      -|       0|      0|    -|
|Multiplexer      |        -|      -|       -|   1626|    -|
|Register         |        -|      -|    2218|      -|    -|
+-----------------+---------+-------+--------+-------+-----+
|Total            |        3|      0|    2218|  14647|    0|
+-----------------+---------+-------+--------+-------+-----+
|Available        |      280|    220|  106400|  53200|    0|
+-----------------+---------+-------+--------+-------+-----+
|Utilization (%)  |        1|      0|       2|     27|    0|
+-----------------+---------+-------+--------+-------+-----+

+ Detail: 
    * Instance: 
    +---------------------------------------+---------------------------------+---------+-------+---+------+-----+
    |                Instance               |              Module             | BRAM_18K| DSP48E| FF|  LUT | URAM|
    +---------------------------------------+---------------------------------+---------+-------+---+------+-----+
    |anomaly_detector_mux_646_32_1_1_U2746  |anomaly_detector_mux_646_32_1_1  |        0|      0|  0|  1362|    0|
    |anomaly_detector_mux_646_32_1_1_U2747  |anomaly_detector_mux_646_32_1_1  |        0|      0|  0|  1362|    0|
    |anomaly_detector_mux_646_32_1_1_U2748  |anomaly_detector_mux_646_32_1_1  |        0|      0|  0|  1362|    0|
    |anomaly_detector_mux_646_32_1_1_U2749  |anomaly_detector_mux_646_32_1_1  |        0|      0|  0|  1362|    0|
    |anomaly_detector_mux_646_32_1_1_U2750  |anomaly_detector_mux_646_32_1_1  |        0|      0|  0|  1362|    0|
    |anomaly_detector_mux_646_32_1_1_U2751  |anomaly_detector_mux_646_32_1_1  |        0|      0|  0|  1362|    0|
    |anomaly_detector_mux_646_32_1_1_U2752  |anomaly_detector_mux_646_32_1_1  |        0|      0|  0|  1362|    0|
    |anomaly_detector_mux_646_7_1_1_U2744   |anomaly_detector_mux_646_7_1_1   |        0|      0|  0|  1362|    0|
    |anomaly_detector_mux_83_32_1_1_U2745   |anomaly_detector_mux_83_32_1_1   |        0|      0|  0|  1362|    0|
    +---------------------------------------+---------------------------------+---------+-------+---+------+-----+
    |Total                                  |                                 |        0|      0|  0| 12258|    0|
    +---------------------------------------+---------------------------------+---------+-------+---+------+-----+

    * DSP48E: 
    N/A

    * Memory: 
    +-----------+--------------------------------------------------------------+---------+---+----+-----+------+-----+------+-------------+
    |   Memory  |                            Module                            | BRAM_18K| FF| LUT| URAM| Words| Bits| Banks| W*Bits*Banks|
    +-----------+--------------------------------------------------------------+---------+---+----+-----+------+-----+------+-------------+
    |outidx1_U  |dense_resource_ap_fixed_ap_fixed_32_16_5_3_0_config6_s_oucud  |        1|  0|   0|    0|   512|    3|     1|         1536|
    |w34_V_U    |dense_resource_ap_fixed_ap_fixed_config34_s_w34_V             |        2|  0|   0|    0|   512|   64|     1|        32768|
    +-----------+--------------------------------------------------------------+---------+---+----+-----+------+-----+------+-------------+
    |Total      |                                                              |        3|  0|   0|    0|  1024|   67|     2|        34304|
    +-----------+--------------------------------------------------------------+---------+---+----+-----+------+-----+------+-------------+

    * FIFO: 
    N/A

    * Expression: 
    +---------------------------+----------+-------+---+----+------------+------------+
    |       Variable Name       | Operation| DSP48E| FF| LUT| Bitwidth P0| Bitwidth P1|
    +---------------------------+----------+-------+---+----+------------+------------+
    |mul_ln1118_326_fu_4742_p2  |     *    |      0|  0|  41|           7|           8|
    |mul_ln1118_327_fu_4911_p2  |     *    |      0|  0|  41|           7|           8|
    |mul_ln1118_328_fu_5080_p2  |     *    |      0|  0|  41|           7|           8|
    |mul_ln1118_329_fu_5249_p2  |     *    |      0|  0|  41|           7|           8|
    |mul_ln1118_330_fu_5425_p2  |     *    |      0|  0|  41|           7|           8|
    |mul_ln1118_331_fu_5594_p2  |     *    |      0|  0|  41|           7|           8|
    |mul_ln1118_332_fu_5763_p2  |     *    |      0|  0|  41|           7|           8|
    |mul_ln1118_fu_4683_p2      |     *    |      0|  0|  41|           7|           8|
    |acc_0_V_fu_4725_p2         |     +    |      0|  0|  39|          32|          32|
    |acc_16_V_fu_5063_p2        |     +    |      0|  0|  39|          32|          32|
    |acc_24_V_fu_5232_p2        |     +    |      0|  0|  39|          32|          32|
    |acc_32_V_fu_5408_p2        |     +    |      0|  0|  39|          32|          32|
    |acc_40_V_fu_5577_p2        |     +    |      0|  0|  39|          32|          32|
    |acc_48_V_fu_5746_p2        |     +    |      0|  0|  39|          32|          32|
    |acc_56_V_fu_5915_p2        |     +    |      0|  0|  39|          32|          32|
    |acc_8_V_fu_4894_p2         |     +    |      0|  0|  39|          32|          32|
    |in_index_fu_4567_p2        |     +    |      0|  0|  39|          32|           1|
    |w_index_fu_4561_p2         |     +    |      0|  0|  15|           1|           9|
    |ap_condition_566           |    and   |      0|  0|   2|           1|           1|
    |icmp_ln151_fu_4597_p2      |   icmp   |      0|  0|  13|           9|           2|
    |icmp_ln168_fu_4583_p2      |   icmp   |      0|  0|  18|          26|           1|
    |ap_block_state1            |    or    |      0|  0|   2|           1|           1|
    |select_ln168_fu_4589_p3    |  select  |      0|  0|  32|           1|           1|
    |ap_enable_pp0              |    xor   |      0|  0|   2|           1|           2|
    +---------------------------+----------+-------+---+----+------------+------------+
    |Total                      |          |      0|  0| 763|         384|         338|
    +---------------------------+----------+-------+---+----+------------+------------+

    * Multiplexer: 
    +-------------------------------------------+----+-----------+-----+-----------+
    |                    Name                   | LUT| Input Size| Bits| Total Bits|
    +-------------------------------------------+----+-----------+-----+-----------+
    |acc_V_0_0144_reg_1281                      |   9|          2|   32|         64|
    |acc_V_10_0124_reg_1421                     |   9|          2|   32|         64|
    |acc_V_11_0122_reg_1435                     |   9|          2|   32|         64|
    |acc_V_12_0120_reg_1449                     |   9|          2|   32|         64|
    |acc_V_13_0118_reg_1463                     |   9|          2|   32|         64|
    |acc_V_14_0116_reg_1477                     |   9|          2|   32|         64|
    |acc_V_15_0114_reg_1491                     |   9|          2|   32|         64|
    |acc_V_16_0112_reg_1505                     |   9|          2|   32|         64|
    |acc_V_17_0110_reg_1519                     |   9|          2|   32|         64|
    |acc_V_18_0108_reg_1533                     |   9|          2|   32|         64|
    |acc_V_19_0106_reg_1547                     |   9|          2|   32|         64|
    |acc_V_1_0142_reg_1295                      |   9|          2|   32|         64|
    |acc_V_20_0104_reg_1561                     |   9|          2|   32|         64|
    |acc_V_21_0102_reg_1575                     |   9|          2|   32|         64|
    |acc_V_22_0100_reg_1589                     |   9|          2|   32|         64|
    |acc_V_23_098_reg_1603                      |   9|          2|   32|         64|
    |acc_V_24_096_reg_1617                      |   9|          2|   32|         64|
    |acc_V_25_094_reg_1631                      |   9|          2|   32|         64|
    |acc_V_26_092_reg_1645                      |   9|          2|   32|         64|
    |acc_V_27_090_reg_1659                      |   9|          2|   32|         64|
    |acc_V_28_088_reg_1673                      |   9|          2|   32|         64|
    |acc_V_29_086_reg_1687                      |   9|          2|   32|         64|
    |acc_V_2_0140_reg_1309                      |   9|          2|   32|         64|
    |acc_V_30_084_reg_1701                      |   9|          2|   32|         64|
    |acc_V_31_082_reg_1715                      |   9|          2|   32|         64|
    |acc_V_32_080_reg_1729                      |   9|          2|   32|         64|
    |acc_V_33_078_reg_1743                      |   9|          2|   32|         64|
    |acc_V_34_076_reg_1757                      |   9|          2|   32|         64|
    |acc_V_35_074_reg_1771                      |   9|          2|   32|         64|
    |acc_V_36_072_reg_1785                      |   9|          2|   32|         64|
    |acc_V_37_070_reg_1799                      |   9|          2|   32|         64|
    |acc_V_38_068_reg_1813                      |   9|          2|   32|         64|
    |acc_V_39_066_reg_1827                      |   9|          2|   32|         64|
    |acc_V_3_0138_reg_1323                      |   9|          2|   32|         64|
    |acc_V_40_064_reg_1841                      |   9|          2|   32|         64|
    |acc_V_41_062_reg_1855                      |   9|          2|   32|         64|
    |acc_V_42_060_reg_1869                      |   9|          2|   32|         64|
    |acc_V_43_058_reg_1883                      |   9|          2|   32|         64|
    |acc_V_44_056_reg_1897                      |   9|          2|   32|         64|
    |acc_V_45_054_reg_1911                      |   9|          2|   32|         64|
    |acc_V_46_052_reg_1925                      |   9|          2|   32|         64|
    |acc_V_47_050_reg_1939                      |   9|          2|   32|         64|
    |acc_V_48_048_reg_1953                      |   9|          2|   32|         64|
    |acc_V_49_046_reg_1967                      |   9|          2|   32|         64|
    |acc_V_4_0136_reg_1337                      |   9|          2|   32|         64|
    |acc_V_50_044_reg_1981                      |   9|          2|   32|         64|
    |acc_V_51_042_reg_1995                      |   9|          2|   32|         64|
    |acc_V_52_040_reg_2009                      |   9|          2|   32|         64|
    |acc_V_53_038_reg_2023                      |   9|          2|   32|         64|
    |acc_V_54_036_reg_2037                      |   9|          2|   32|         64|
    |acc_V_55_034_reg_2051                      |   9|          2|   32|         64|
    |acc_V_56_032_reg_2065                      |   9|          2|   32|         64|
    |acc_V_57_030_reg_2079                      |   9|          2|   32|         64|
    |acc_V_58_028_reg_2093                      |   9|          2|   32|         64|
    |acc_V_59_026_reg_2107                      |   9|          2|   32|         64|
    |acc_V_5_0134_reg_1351                      |   9|          2|   32|         64|
    |acc_V_60_024_reg_2121                      |   9|          2|   32|         64|
    |acc_V_61_022_reg_2135                      |   9|          2|   32|         64|
    |acc_V_62_020_reg_2149                      |   9|          2|   32|         64|
    |acc_V_63_018_reg_2163                      |   9|          2|   32|         64|
    |acc_V_6_0132_reg_1365                      |   9|          2|   32|         64|
    |acc_V_7_0130_reg_1379                      |   9|          2|   32|         64|
    |acc_V_8_0128_reg_1393                      |   9|          2|   32|         64|
    |acc_V_9_0126_reg_1407                      |   9|          2|   32|         64|
    |ap_NS_fsm                                  |  15|          3|    1|          3|
    |ap_done                                    |   9|          2|    1|          2|
    |ap_enable_reg_pp0_iter1                    |   9|          2|    1|          2|
    |ap_enable_reg_pp0_iter2                    |   9|          2|    1|          2|
    |ap_phi_mux_acc_V_0_1_phi_fu_2398_p16       |  15|          3|   32|         96|
    |ap_phi_mux_acc_V_10_1_phi_fu_2584_p16      |  15|          3|   32|         96|
    |ap_phi_mux_acc_V_11_1_phi_fu_2553_p16      |  15|          3|   32|         96|
    |ap_phi_mux_acc_V_12_1_phi_fu_2522_p16      |  15|          3|   32|         96|
    |ap_phi_mux_acc_V_13_1_phi_fu_2491_p16      |  15|          3|   32|         96|
    |ap_phi_mux_acc_V_14_1_phi_fu_2460_p16      |  15|          3|   32|         96|
    |ap_phi_mux_acc_V_15_1_phi_fu_2429_p16      |  15|          3|   32|         96|
    |ap_phi_mux_acc_V_16_1_phi_fu_2894_p16      |  15|          3|   32|         96|
    |ap_phi_mux_acc_V_17_1_phi_fu_2863_p16      |  15|          3|   32|         96|
    |ap_phi_mux_acc_V_18_1_phi_fu_2832_p16      |  15|          3|   32|         96|
    |ap_phi_mux_acc_V_19_1_phi_fu_2801_p16      |  15|          3|   32|         96|
    |ap_phi_mux_acc_V_1_1_phi_fu_2367_p16       |  15|          3|   32|         96|
    |ap_phi_mux_acc_V_20_1_phi_fu_2770_p16      |  15|          3|   32|         96|
    |ap_phi_mux_acc_V_21_1_phi_fu_2739_p16      |  15|          3|   32|         96|
    |ap_phi_mux_acc_V_22_1_phi_fu_2708_p16      |  15|          3|   32|         96|
    |ap_phi_mux_acc_V_23_1_phi_fu_2677_p16      |  15|          3|   32|         96|
    |ap_phi_mux_acc_V_24_1_phi_fu_3142_p16      |  15|          3|   32|         96|
    |ap_phi_mux_acc_V_25_1_phi_fu_3111_p16      |  15|          3|   32|         96|
    |ap_phi_mux_acc_V_26_1_phi_fu_3080_p16      |  15|          3|   32|         96|
    |ap_phi_mux_acc_V_27_1_phi_fu_3049_p16      |  15|          3|   32|         96|
    |ap_phi_mux_acc_V_28_1_phi_fu_3018_p16      |  15|          3|   32|         96|
    |ap_phi_mux_acc_V_29_1_phi_fu_2987_p16      |  15|          3|   32|         96|
    |ap_phi_mux_acc_V_2_1_phi_fu_2336_p16       |  15|          3|   32|         96|
    |ap_phi_mux_acc_V_30_1_phi_fu_2956_p16      |  15|          3|   32|         96|
    |ap_phi_mux_acc_V_31_1_phi_fu_2925_p16      |  15|          3|   32|         96|
    |ap_phi_mux_acc_V_32_1_phi_fu_3390_p16      |  15|          3|   32|         96|
    |ap_phi_mux_acc_V_33_1_phi_fu_3359_p16      |  15|          3|   32|         96|
    |ap_phi_mux_acc_V_34_1_phi_fu_3328_p16      |  15|          3|   32|         96|
    |ap_phi_mux_acc_V_35_1_phi_fu_3297_p16      |  15|          3|   32|         96|
    |ap_phi_mux_acc_V_36_1_phi_fu_3266_p16      |  15|          3|   32|         96|
    |ap_phi_mux_acc_V_37_1_phi_fu_3235_p16      |  15|          3|   32|         96|
    |ap_phi_mux_acc_V_38_1_phi_fu_3204_p16      |  15|          3|   32|         96|
    |ap_phi_mux_acc_V_39_1_phi_fu_3173_p16      |  15|          3|   32|         96|
    |ap_phi_mux_acc_V_3_1_phi_fu_2305_p16       |  15|          3|   32|         96|
    |ap_phi_mux_acc_V_40_1_phi_fu_3638_p16      |  15|          3|   32|         96|
    |ap_phi_mux_acc_V_41_1_phi_fu_3607_p16      |  15|          3|   32|         96|
    |ap_phi_mux_acc_V_42_1_phi_fu_3576_p16      |  15|          3|   32|         96|
    |ap_phi_mux_acc_V_43_1_phi_fu_3545_p16      |  15|          3|   32|         96|
    |ap_phi_mux_acc_V_44_1_phi_fu_3514_p16      |  15|          3|   32|         96|
    |ap_phi_mux_acc_V_45_1_phi_fu_3483_p16      |  15|          3|   32|         96|
    |ap_phi_mux_acc_V_46_1_phi_fu_3452_p16      |  15|          3|   32|         96|
    |ap_phi_mux_acc_V_47_1_phi_fu_3421_p16      |  15|          3|   32|         96|
    |ap_phi_mux_acc_V_48_1_phi_fu_3886_p16      |  15|          3|   32|         96|
    |ap_phi_mux_acc_V_49_1_phi_fu_3855_p16      |  15|          3|   32|         96|
    |ap_phi_mux_acc_V_4_1_phi_fu_2274_p16       |  15|          3|   32|         96|
    |ap_phi_mux_acc_V_50_1_phi_fu_3824_p16      |  15|          3|   32|         96|
    |ap_phi_mux_acc_V_51_1_phi_fu_3793_p16      |  15|          3|   32|         96|
    |ap_phi_mux_acc_V_52_1_phi_fu_3762_p16      |  15|          3|   32|         96|
    |ap_phi_mux_acc_V_53_1_phi_fu_3731_p16      |  15|          3|   32|         96|
    |ap_phi_mux_acc_V_54_1_phi_fu_3700_p16      |  15|          3|   32|         96|
    |ap_phi_mux_acc_V_55_1_phi_fu_3669_p16      |  15|          3|   32|         96|
    |ap_phi_mux_acc_V_56_1_phi_fu_4134_p16      |  15|          3|   32|         96|
    |ap_phi_mux_acc_V_57_1_phi_fu_4103_p16      |  15|          3|   32|         96|
    |ap_phi_mux_acc_V_58_1_phi_fu_4072_p16      |  15|          3|   32|         96|
    |ap_phi_mux_acc_V_59_1_phi_fu_4041_p16      |  15|          3|   32|         96|
    |ap_phi_mux_acc_V_5_1_phi_fu_2243_p16       |  15|          3|   32|         96|
    |ap_phi_mux_acc_V_60_1_phi_fu_4010_p16      |  15|          3|   32|         96|
    |ap_phi_mux_acc_V_61_1_phi_fu_3979_p16      |  15|          3|   32|         96|
    |ap_phi_mux_acc_V_62_1_phi_fu_3948_p16      |  15|          3|   32|         96|
    |ap_phi_mux_acc_V_63_1_phi_fu_3917_p16      |  15|          3|   32|         96|
    |ap_phi_mux_acc_V_6_1_phi_fu_2212_p16       |  15|          3|   32|         96|
    |ap_phi_mux_acc_V_7_1_phi_fu_2181_p16       |  15|          3|   32|         96|
    |ap_phi_mux_acc_V_8_1_phi_fu_2646_p16       |  15|          3|   32|         96|
    |ap_phi_mux_acc_V_9_1_phi_fu_2615_p16       |  15|          3|   32|         96|
    |ap_phi_mux_in_index_0_i146_phi_fu_1257_p6  |  15|          3|   32|         96|
    |ap_phi_mux_w_index145_phi_fu_1271_p6       |  15|          3|    9|         27|
    |in_index_0_i146_reg_1253                   |   9|          2|   32|         64|
    |w_index145_reg_1267                        |   9|          2|    9|         18|
    +-------------------------------------------+----+-----------+-----+-----------+
    |Total                                      |1626|        339| 4182|      10454|
    +-------------------------------------------+----+-----------+-----+-----------+

    * Register: 
    +-----------------------------------+----+----+-----+-----------+
    |                Name               | FF | LUT| Bits| Const Bits|
    +-----------------------------------+----+----+-----+-----------+
    |acc_V_0_0144_reg_1281              |  32|   0|   32|          0|
    |acc_V_10_0124_reg_1421             |  32|   0|   32|          0|
    |acc_V_11_0122_reg_1435             |  32|   0|   32|          0|
    |acc_V_12_0120_reg_1449             |  32|   0|   32|          0|
    |acc_V_13_0118_reg_1463             |  32|   0|   32|          0|
    |acc_V_14_0116_reg_1477             |  32|   0|   32|          0|
    |acc_V_15_0114_reg_1491             |  32|   0|   32|          0|
    |acc_V_16_0112_reg_1505             |  32|   0|   32|          0|
    |acc_V_17_0110_reg_1519             |  32|   0|   32|          0|
    |acc_V_18_0108_reg_1533             |  32|   0|   32|          0|
    |acc_V_19_0106_reg_1547             |  32|   0|   32|          0|
    |acc_V_1_0142_reg_1295              |  32|   0|   32|          0|
    |acc_V_20_0104_reg_1561             |  32|   0|   32|          0|
    |acc_V_21_0102_reg_1575             |  32|   0|   32|          0|
    |acc_V_22_0100_reg_1589             |  32|   0|   32|          0|
    |acc_V_23_098_reg_1603              |  32|   0|   32|          0|
    |acc_V_24_096_reg_1617              |  32|   0|   32|          0|
    |acc_V_25_094_reg_1631              |  32|   0|   32|          0|
    |acc_V_26_092_reg_1645              |  32|   0|   32|          0|
    |acc_V_27_090_reg_1659              |  32|   0|   32|          0|
    |acc_V_28_088_reg_1673              |  32|   0|   32|          0|
    |acc_V_29_086_reg_1687              |  32|   0|   32|          0|
    |acc_V_2_0140_reg_1309              |  32|   0|   32|          0|
    |acc_V_30_084_reg_1701              |  32|   0|   32|          0|
    |acc_V_31_082_reg_1715              |  32|   0|   32|          0|
    |acc_V_32_080_reg_1729              |  32|   0|   32|          0|
    |acc_V_33_078_reg_1743              |  32|   0|   32|          0|
    |acc_V_34_076_reg_1757              |  32|   0|   32|          0|
    |acc_V_35_074_reg_1771              |  32|   0|   32|          0|
    |acc_V_36_072_reg_1785              |  32|   0|   32|          0|
    |acc_V_37_070_reg_1799              |  32|   0|   32|          0|
    |acc_V_38_068_reg_1813              |  32|   0|   32|          0|
    |acc_V_39_066_reg_1827              |  32|   0|   32|          0|
    |acc_V_3_0138_reg_1323              |  32|   0|   32|          0|
    |acc_V_40_064_reg_1841              |  32|   0|   32|          0|
    |acc_V_41_062_reg_1855              |  32|   0|   32|          0|
    |acc_V_42_060_reg_1869              |  32|   0|   32|          0|
    |acc_V_43_058_reg_1883              |  32|   0|   32|          0|
    |acc_V_44_056_reg_1897              |  32|   0|   32|          0|
    |acc_V_45_054_reg_1911              |  32|   0|   32|          0|
    |acc_V_46_052_reg_1925              |  32|   0|   32|          0|
    |acc_V_47_050_reg_1939              |  32|   0|   32|          0|
    |acc_V_48_048_reg_1953              |  32|   0|   32|          0|
    |acc_V_49_046_reg_1967              |  32|   0|   32|          0|
    |acc_V_4_0136_reg_1337              |  32|   0|   32|          0|
    |acc_V_50_044_reg_1981              |  32|   0|   32|          0|
    |acc_V_51_042_reg_1995              |  32|   0|   32|          0|
    |acc_V_52_040_reg_2009              |  32|   0|   32|          0|
    |acc_V_53_038_reg_2023              |  32|   0|   32|          0|
    |acc_V_54_036_reg_2037              |  32|   0|   32|          0|
    |acc_V_55_034_reg_2051              |  32|   0|   32|          0|
    |acc_V_56_032_reg_2065              |  32|   0|   32|          0|
    |acc_V_57_030_reg_2079              |  32|   0|   32|          0|
    |acc_V_58_028_reg_2093              |  32|   0|   32|          0|
    |acc_V_59_026_reg_2107              |  32|   0|   32|          0|
    |acc_V_5_0134_reg_1351              |  32|   0|   32|          0|
    |acc_V_60_024_reg_2121              |  32|   0|   32|          0|
    |acc_V_61_022_reg_2135              |  32|   0|   32|          0|
    |acc_V_62_020_reg_2149              |  32|   0|   32|          0|
    |acc_V_63_018_reg_2163              |  32|   0|   32|          0|
    |acc_V_6_0132_reg_1365              |  32|   0|   32|          0|
    |acc_V_7_0130_reg_1379              |  32|   0|   32|          0|
    |acc_V_8_0128_reg_1393              |  32|   0|   32|          0|
    |acc_V_9_0126_reg_1407              |  32|   0|   32|          0|
    |ap_CS_fsm                          |   2|   0|    2|          0|
    |ap_done_reg                        |   1|   0|    1|          0|
    |ap_enable_reg_pp0_iter1            |   1|   0|    1|          0|
    |ap_enable_reg_pp0_iter2            |   1|   0|    1|          0|
    |icmp_ln151_reg_5956                |   1|   0|    1|          0|
    |icmp_ln151_reg_5956_pp0_iter1_reg  |   1|   0|    1|          0|
    |in_index_0_i146_reg_1253           |  32|   0|   32|          0|
    |out_index_reg_5960                 |   3|   0|    3|          0|
    |select_ln168_reg_5951              |  32|   0|   32|          0|
    |tmp_31_reg_5972                    |   8|   0|    8|          0|
    |tmp_32_reg_5977                    |   8|   0|    8|          0|
    |tmp_33_reg_5982                    |   8|   0|    8|          0|
    |tmp_34_reg_5987                    |   8|   0|    8|          0|
    |tmp_35_reg_5992                    |   8|   0|    8|          0|
    |tmp_36_reg_5997                    |   8|   0|    8|          0|
    |tmp_37_reg_6002                    |   8|   0|    8|          0|
    |tmp_s_reg_5936                     |   7|   0|    7|          0|
    |tmp_s_reg_5936_pp0_iter1_reg       |   7|   0|    7|          0|
    |trunc_ln160_5_reg_5967             |   8|   0|    8|          0|
    |w_index145_reg_1267                |   9|   0|    9|          0|
    |w_index_reg_5946                   |   9|   0|    9|          0|
    +-----------------------------------+----+----+-----+-----------+
    |Total                              |2218|   0| 2218|          0|
    +-----------------------------------+----+----+-----+-----------+



================================================================
== Interface
================================================================
* Summary: 
+-----------------+-----+-----+------------+--------------------------------------------+--------------+
|    RTL Ports    | Dir | Bits|  Protocol  |                Source Object               |    C Type    |
+-----------------+-----+-----+------------+--------------------------------------------+--------------+
|ap_clk           |  in |    1| ap_ctrl_hs | dense_resource<ap_fixed,ap_fixed,config34> | return value |
|ap_rst           |  in |    1| ap_ctrl_hs | dense_resource<ap_fixed,ap_fixed,config34> | return value |
|ap_start         |  in |    1| ap_ctrl_hs | dense_resource<ap_fixed,ap_fixed,config34> | return value |
|ap_done          | out |    1| ap_ctrl_hs | dense_resource<ap_fixed,ap_fixed,config34> | return value |
|ap_continue      |  in |    1| ap_ctrl_hs | dense_resource<ap_fixed,ap_fixed,config34> | return value |
|ap_idle          | out |    1| ap_ctrl_hs | dense_resource<ap_fixed,ap_fixed,config34> | return value |
|ap_ready         | out |    1| ap_ctrl_hs | dense_resource<ap_fixed,ap_fixed,config34> | return value |
|data_0_V         |  in |    6|   ap_none  |                  data_0_V                  |    pointer   |
|data_1_V         |  in |    6|   ap_none  |                  data_1_V                  |    pointer   |
|data_2_V         |  in |    6|   ap_none  |                  data_2_V                  |    pointer   |
|data_3_V         |  in |    6|   ap_none  |                  data_3_V                  |    pointer   |
|data_4_V         |  in |    6|   ap_none  |                  data_4_V                  |    pointer   |
|data_5_V         |  in |    6|   ap_none  |                  data_5_V                  |    pointer   |
|data_6_V         |  in |    6|   ap_none  |                  data_6_V                  |    pointer   |
|data_7_V         |  in |    6|   ap_none  |                  data_7_V                  |    pointer   |
|data_8_V         |  in |    6|   ap_none  |                  data_8_V                  |    pointer   |
|data_9_V         |  in |    6|   ap_none  |                  data_9_V                  |    pointer   |
|data_10_V        |  in |    6|   ap_none  |                  data_10_V                 |    pointer   |
|data_11_V        |  in |    6|   ap_none  |                  data_11_V                 |    pointer   |
|data_12_V        |  in |    6|   ap_none  |                  data_12_V                 |    pointer   |
|data_13_V        |  in |    6|   ap_none  |                  data_13_V                 |    pointer   |
|data_14_V        |  in |    6|   ap_none  |                  data_14_V                 |    pointer   |
|data_15_V        |  in |    6|   ap_none  |                  data_15_V                 |    pointer   |
|data_16_V        |  in |    6|   ap_none  |                  data_16_V                 |    pointer   |
|data_17_V        |  in |    6|   ap_none  |                  data_17_V                 |    pointer   |
|data_18_V        |  in |    6|   ap_none  |                  data_18_V                 |    pointer   |
|data_19_V        |  in |    6|   ap_none  |                  data_19_V                 |    pointer   |
|data_20_V        |  in |    6|   ap_none  |                  data_20_V                 |    pointer   |
|data_21_V        |  in |    6|   ap_none  |                  data_21_V                 |    pointer   |
|data_22_V        |  in |    6|   ap_none  |                  data_22_V                 |    pointer   |
|data_23_V        |  in |    6|   ap_none  |                  data_23_V                 |    pointer   |
|data_24_V        |  in |    6|   ap_none  |                  data_24_V                 |    pointer   |
|data_25_V        |  in |    6|   ap_none  |                  data_25_V                 |    pointer   |
|data_26_V        |  in |    6|   ap_none  |                  data_26_V                 |    pointer   |
|data_27_V        |  in |    6|   ap_none  |                  data_27_V                 |    pointer   |
|data_28_V        |  in |    6|   ap_none  |                  data_28_V                 |    pointer   |
|data_29_V        |  in |    6|   ap_none  |                  data_29_V                 |    pointer   |
|data_30_V        |  in |    6|   ap_none  |                  data_30_V                 |    pointer   |
|data_31_V        |  in |    6|   ap_none  |                  data_31_V                 |    pointer   |
|data_32_V        |  in |    6|   ap_none  |                  data_32_V                 |    pointer   |
|data_33_V        |  in |    6|   ap_none  |                  data_33_V                 |    pointer   |
|data_34_V        |  in |    6|   ap_none  |                  data_34_V                 |    pointer   |
|data_35_V        |  in |    6|   ap_none  |                  data_35_V                 |    pointer   |
|data_36_V        |  in |    6|   ap_none  |                  data_36_V                 |    pointer   |
|data_37_V        |  in |    6|   ap_none  |                  data_37_V                 |    pointer   |
|data_38_V        |  in |    6|   ap_none  |                  data_38_V                 |    pointer   |
|data_39_V        |  in |    6|   ap_none  |                  data_39_V                 |    pointer   |
|data_40_V        |  in |    6|   ap_none  |                  data_40_V                 |    pointer   |
|data_41_V        |  in |    6|   ap_none  |                  data_41_V                 |    pointer   |
|data_42_V        |  in |    6|   ap_none  |                  data_42_V                 |    pointer   |
|data_43_V        |  in |    6|   ap_none  |                  data_43_V                 |    pointer   |
|data_44_V        |  in |    6|   ap_none  |                  data_44_V                 |    pointer   |
|data_45_V        |  in |    6|   ap_none  |                  data_45_V                 |    pointer   |
|data_46_V        |  in |    6|   ap_none  |                  data_46_V                 |    pointer   |
|data_47_V        |  in |    6|   ap_none  |                  data_47_V                 |    pointer   |
|data_48_V        |  in |    6|   ap_none  |                  data_48_V                 |    pointer   |
|data_49_V        |  in |    6|   ap_none  |                  data_49_V                 |    pointer   |
|data_50_V        |  in |    6|   ap_none  |                  data_50_V                 |    pointer   |
|data_51_V        |  in |    6|   ap_none  |                  data_51_V                 |    pointer   |
|data_52_V        |  in |    6|   ap_none  |                  data_52_V                 |    pointer   |
|data_53_V        |  in |    6|   ap_none  |                  data_53_V                 |    pointer   |
|data_54_V        |  in |    6|   ap_none  |                  data_54_V                 |    pointer   |
|data_55_V        |  in |    6|   ap_none  |                  data_55_V                 |    pointer   |
|data_56_V        |  in |    6|   ap_none  |                  data_56_V                 |    pointer   |
|data_57_V        |  in |    6|   ap_none  |                  data_57_V                 |    pointer   |
|data_58_V        |  in |    6|   ap_none  |                  data_58_V                 |    pointer   |
|data_59_V        |  in |    6|   ap_none  |                  data_59_V                 |    pointer   |
|data_60_V        |  in |    6|   ap_none  |                  data_60_V                 |    pointer   |
|data_61_V        |  in |    6|   ap_none  |                  data_61_V                 |    pointer   |
|data_62_V        |  in |    6|   ap_none  |                  data_62_V                 |    pointer   |
|data_63_V        |  in |    6|   ap_none  |                  data_63_V                 |    pointer   |
|res_0_V          | out |   32|   ap_vld   |                   res_0_V                  |    pointer   |
|res_0_V_ap_vld   | out |    1|   ap_vld   |                   res_0_V                  |    pointer   |
|res_1_V          | out |   32|   ap_vld   |                   res_1_V                  |    pointer   |
|res_1_V_ap_vld   | out |    1|   ap_vld   |                   res_1_V                  |    pointer   |
|res_2_V          | out |   32|   ap_vld   |                   res_2_V                  |    pointer   |
|res_2_V_ap_vld   | out |    1|   ap_vld   |                   res_2_V                  |    pointer   |
|res_3_V          | out |   32|   ap_vld   |                   res_3_V                  |    pointer   |
|res_3_V_ap_vld   | out |    1|   ap_vld   |                   res_3_V                  |    pointer   |
|res_4_V          | out |   32|   ap_vld   |                   res_4_V                  |    pointer   |
|res_4_V_ap_vld   | out |    1|   ap_vld   |                   res_4_V                  |    pointer   |
|res_5_V          | out |   32|   ap_vld   |                   res_5_V                  |    pointer   |
|res_5_V_ap_vld   | out |    1|   ap_vld   |                   res_5_V                  |    pointer   |
|res_6_V          | out |   32|   ap_vld   |                   res_6_V                  |    pointer   |
|res_6_V_ap_vld   | out |    1|   ap_vld   |                   res_6_V                  |    pointer   |
|res_7_V          | out |   32|   ap_vld   |                   res_7_V                  |    pointer   |
|res_7_V_ap_vld   | out |    1|   ap_vld   |                   res_7_V                  |    pointer   |
|res_8_V          | out |   32|   ap_vld   |                   res_8_V                  |    pointer   |
|res_8_V_ap_vld   | out |    1|   ap_vld   |                   res_8_V                  |    pointer   |
|res_9_V          | out |   32|   ap_vld   |                   res_9_V                  |    pointer   |
|res_9_V_ap_vld   | out |    1|   ap_vld   |                   res_9_V                  |    pointer   |
|res_10_V         | out |   32|   ap_vld   |                  res_10_V                  |    pointer   |
|res_10_V_ap_vld  | out |    1|   ap_vld   |                  res_10_V                  |    pointer   |
|res_11_V         | out |   32|   ap_vld   |                  res_11_V                  |    pointer   |
|res_11_V_ap_vld  | out |    1|   ap_vld   |                  res_11_V                  |    pointer   |
|res_12_V         | out |   32|   ap_vld   |                  res_12_V                  |    pointer   |
|res_12_V_ap_vld  | out |    1|   ap_vld   |                  res_12_V                  |    pointer   |
|res_13_V         | out |   32|   ap_vld   |                  res_13_V                  |    pointer   |
|res_13_V_ap_vld  | out |    1|   ap_vld   |                  res_13_V                  |    pointer   |
|res_14_V         | out |   32|   ap_vld   |                  res_14_V                  |    pointer   |
|res_14_V_ap_vld  | out |    1|   ap_vld   |                  res_14_V                  |    pointer   |
|res_15_V         | out |   32|   ap_vld   |                  res_15_V                  |    pointer   |
|res_15_V_ap_vld  | out |    1|   ap_vld   |                  res_15_V                  |    pointer   |
|res_16_V         | out |   32|   ap_vld   |                  res_16_V                  |    pointer   |
|res_16_V_ap_vld  | out |    1|   ap_vld   |                  res_16_V                  |    pointer   |
|res_17_V         | out |   32|   ap_vld   |                  res_17_V                  |    pointer   |
|res_17_V_ap_vld  | out |    1|   ap_vld   |                  res_17_V                  |    pointer   |
|res_18_V         | out |   32|   ap_vld   |                  res_18_V                  |    pointer   |
|res_18_V_ap_vld  | out |    1|   ap_vld   |                  res_18_V                  |    pointer   |
|res_19_V         | out |   32|   ap_vld   |                  res_19_V                  |    pointer   |
|res_19_V_ap_vld  | out |    1|   ap_vld   |                  res_19_V                  |    pointer   |
|res_20_V         | out |   32|   ap_vld   |                  res_20_V                  |    pointer   |
|res_20_V_ap_vld  | out |    1|   ap_vld   |                  res_20_V                  |    pointer   |
|res_21_V         | out |   32|   ap_vld   |                  res_21_V                  |    pointer   |
|res_21_V_ap_vld  | out |    1|   ap_vld   |                  res_21_V                  |    pointer   |
|res_22_V         | out |   32|   ap_vld   |                  res_22_V                  |    pointer   |
|res_22_V_ap_vld  | out |    1|   ap_vld   |                  res_22_V                  |    pointer   |
|res_23_V         | out |   32|   ap_vld   |                  res_23_V                  |    pointer   |
|res_23_V_ap_vld  | out |    1|   ap_vld   |                  res_23_V                  |    pointer   |
|res_24_V         | out |   32|   ap_vld   |                  res_24_V                  |    pointer   |
|res_24_V_ap_vld  | out |    1|   ap_vld   |                  res_24_V                  |    pointer   |
|res_25_V         | out |   32|   ap_vld   |                  res_25_V                  |    pointer   |
|res_25_V_ap_vld  | out |    1|   ap_vld   |                  res_25_V                  |    pointer   |
|res_26_V         | out |   32|   ap_vld   |                  res_26_V                  |    pointer   |
|res_26_V_ap_vld  | out |    1|   ap_vld   |                  res_26_V                  |    pointer   |
|res_27_V         | out |   32|   ap_vld   |                  res_27_V                  |    pointer   |
|res_27_V_ap_vld  | out |    1|   ap_vld   |                  res_27_V                  |    pointer   |
|res_28_V         | out |   32|   ap_vld   |                  res_28_V                  |    pointer   |
|res_28_V_ap_vld  | out |    1|   ap_vld   |                  res_28_V                  |    pointer   |
|res_29_V         | out |   32|   ap_vld   |                  res_29_V                  |    pointer   |
|res_29_V_ap_vld  | out |    1|   ap_vld   |                  res_29_V                  |    pointer   |
|res_30_V         | out |   32|   ap_vld   |                  res_30_V                  |    pointer   |
|res_30_V_ap_vld  | out |    1|   ap_vld   |                  res_30_V                  |    pointer   |
|res_31_V         | out |   32|   ap_vld   |                  res_31_V                  |    pointer   |
|res_31_V_ap_vld  | out |    1|   ap_vld   |                  res_31_V                  |    pointer   |
|res_32_V         | out |   32|   ap_vld   |                  res_32_V                  |    pointer   |
|res_32_V_ap_vld  | out |    1|   ap_vld   |                  res_32_V                  |    pointer   |
|res_33_V         | out |   32|   ap_vld   |                  res_33_V                  |    pointer   |
|res_33_V_ap_vld  | out |    1|   ap_vld   |                  res_33_V                  |    pointer   |
|res_34_V         | out |   32|   ap_vld   |                  res_34_V                  |    pointer   |
|res_34_V_ap_vld  | out |    1|   ap_vld   |                  res_34_V                  |    pointer   |
|res_35_V         | out |   32|   ap_vld   |                  res_35_V                  |    pointer   |
|res_35_V_ap_vld  | out |    1|   ap_vld   |                  res_35_V                  |    pointer   |
|res_36_V         | out |   32|   ap_vld   |                  res_36_V                  |    pointer   |
|res_36_V_ap_vld  | out |    1|   ap_vld   |                  res_36_V                  |    pointer   |
|res_37_V         | out |   32|   ap_vld   |                  res_37_V                  |    pointer   |
|res_37_V_ap_vld  | out |    1|   ap_vld   |                  res_37_V                  |    pointer   |
|res_38_V         | out |   32|   ap_vld   |                  res_38_V                  |    pointer   |
|res_38_V_ap_vld  | out |    1|   ap_vld   |                  res_38_V                  |    pointer   |
|res_39_V         | out |   32|   ap_vld   |                  res_39_V                  |    pointer   |
|res_39_V_ap_vld  | out |    1|   ap_vld   |                  res_39_V                  |    pointer   |
|res_40_V         | out |   32|   ap_vld   |                  res_40_V                  |    pointer   |
|res_40_V_ap_vld  | out |    1|   ap_vld   |                  res_40_V                  |    pointer   |
|res_41_V         | out |   32|   ap_vld   |                  res_41_V                  |    pointer   |
|res_41_V_ap_vld  | out |    1|   ap_vld   |                  res_41_V                  |    pointer   |
|res_42_V         | out |   32|   ap_vld   |                  res_42_V                  |    pointer   |
|res_42_V_ap_vld  | out |    1|   ap_vld   |                  res_42_V                  |    pointer   |
|res_43_V         | out |   32|   ap_vld   |                  res_43_V                  |    pointer   |
|res_43_V_ap_vld  | out |    1|   ap_vld   |                  res_43_V                  |    pointer   |
|res_44_V         | out |   32|   ap_vld   |                  res_44_V                  |    pointer   |
|res_44_V_ap_vld  | out |    1|   ap_vld   |                  res_44_V                  |    pointer   |
|res_45_V         | out |   32|   ap_vld   |                  res_45_V                  |    pointer   |
|res_45_V_ap_vld  | out |    1|   ap_vld   |                  res_45_V                  |    pointer   |
|res_46_V         | out |   32|   ap_vld   |                  res_46_V                  |    pointer   |
|res_46_V_ap_vld  | out |    1|   ap_vld   |                  res_46_V                  |    pointer   |
|res_47_V         | out |   32|   ap_vld   |                  res_47_V                  |    pointer   |
|res_47_V_ap_vld  | out |    1|   ap_vld   |                  res_47_V                  |    pointer   |
|res_48_V         | out |   32|   ap_vld   |                  res_48_V                  |    pointer   |
|res_48_V_ap_vld  | out |    1|   ap_vld   |                  res_48_V                  |    pointer   |
|res_49_V         | out |   32|   ap_vld   |                  res_49_V                  |    pointer   |
|res_49_V_ap_vld  | out |    1|   ap_vld   |                  res_49_V                  |    pointer   |
|res_50_V         | out |   32|   ap_vld   |                  res_50_V                  |    pointer   |
|res_50_V_ap_vld  | out |    1|   ap_vld   |                  res_50_V                  |    pointer   |
|res_51_V         | out |   32|   ap_vld   |                  res_51_V                  |    pointer   |
|res_51_V_ap_vld  | out |    1|   ap_vld   |                  res_51_V                  |    pointer   |
|res_52_V         | out |   32|   ap_vld   |                  res_52_V                  |    pointer   |
|res_52_V_ap_vld  | out |    1|   ap_vld   |                  res_52_V                  |    pointer   |
|res_53_V         | out |   32|   ap_vld   |                  res_53_V                  |    pointer   |
|res_53_V_ap_vld  | out |    1|   ap_vld   |                  res_53_V                  |    pointer   |
|res_54_V         | out |   32|   ap_vld   |                  res_54_V                  |    pointer   |
|res_54_V_ap_vld  | out |    1|   ap_vld   |                  res_54_V                  |    pointer   |
|res_55_V         | out |   32|   ap_vld   |                  res_55_V                  |    pointer   |
|res_55_V_ap_vld  | out |    1|   ap_vld   |                  res_55_V                  |    pointer   |
|res_56_V         | out |   32|   ap_vld   |                  res_56_V                  |    pointer   |
|res_56_V_ap_vld  | out |    1|   ap_vld   |                  res_56_V                  |    pointer   |
|res_57_V         | out |   32|   ap_vld   |                  res_57_V                  |    pointer   |
|res_57_V_ap_vld  | out |    1|   ap_vld   |                  res_57_V                  |    pointer   |
|res_58_V         | out |   32|   ap_vld   |                  res_58_V                  |    pointer   |
|res_58_V_ap_vld  | out |    1|   ap_vld   |                  res_58_V                  |    pointer   |
|res_59_V         | out |   32|   ap_vld   |                  res_59_V                  |    pointer   |
|res_59_V_ap_vld  | out |    1|   ap_vld   |                  res_59_V                  |    pointer   |
|res_60_V         | out |   32|   ap_vld   |                  res_60_V                  |    pointer   |
|res_60_V_ap_vld  | out |    1|   ap_vld   |                  res_60_V                  |    pointer   |
|res_61_V         | out |   32|   ap_vld   |                  res_61_V                  |    pointer   |
|res_61_V_ap_vld  | out |    1|   ap_vld   |                  res_61_V                  |    pointer   |
|res_62_V         | out |   32|   ap_vld   |                  res_62_V                  |    pointer   |
|res_62_V_ap_vld  | out |    1|   ap_vld   |                  res_62_V                  |    pointer   |
|res_63_V         | out |   32|   ap_vld   |                  res_63_V                  |    pointer   |
|res_63_V_ap_vld  | out |    1|   ap_vld   |                  res_63_V                  |    pointer   |
+-----------------+-----+-----+------------+--------------------------------------------+--------------+

