

================================================================
== Vivado HLS Report for 'normalize_0_0_0_0_0_0_0_0_0_0_0_0_0_0_0_0_0_0_0_0_0_0_0_0_0_6'
================================================================
* Date:           Thu Apr 15 21:21:12 2021

* Version:        2019.1 (Build 2552052 on Fri May 24 15:28:33 MDT 2019)
* Project:        anomaly_detector_prj
* Solution:       solution1
* Product family: zynq
* Target device:  xc7z020-clg400-1


================================================================
== Performance Estimates
================================================================
+ Timing (ns): 
    * Summary: 
    +--------+-------+----------+------------+
    |  Clock | Target| Estimated| Uncertainty|
    +--------+-------+----------+------------+
    |ap_clk  |  10.00|     8.510|        1.25|
    +--------+-------+----------+------------+

+ Latency (clock cycles): 
    * Summary: 
    +-----+-----+-----+-----+---------+
    |  Latency  |  Interval | Pipeline|
    | min | max | min | max |   Type  |
    +-----+-----+-----+-----+---------+
    |   63|   63|   63|   63|   none  |
    +-----+-----+-----+-----+---------+

    + Detail: 
        * Instance: 
        N/A

        * Loop: 
        N/A



================================================================
== Utilization Estimates
================================================================
* Summary: 
+-----------------+---------+-------+--------+-------+-----+
|       Name      | BRAM_18K| DSP48E|   FF   |  LUT  | URAM|
+-----------------+---------+-------+--------+-------+-----+
|DSP              |        -|      -|       -|      -|    -|
|Expression       |        -|      1|       0|   2567|    -|
|FIFO             |        -|      -|       -|      -|    -|
|Instance         |        -|      -|       -|      -|    -|
|Memory           |        -|      -|       -|      -|    -|
|Multiplexer      |        -|      -|       -|    841|    -|
|Register         |        -|      -|     129|      -|    -|
+-----------------+---------+-------+--------+-------+-----+
|Total            |        0|      1|     129|   3408|    0|
+-----------------+---------+-------+--------+-------+-----+
|Available        |      280|    220|  106400|  53200|    0|
+-----------------+---------+-------+--------+-------+-----+
|Utilization (%)  |        0|   ~0  |   ~0   |      6|    0|
+-----------------+---------+-------+--------+-------+-----+

+ Detail: 
    * Instance: 
    N/A

    * DSP48E: 
    N/A

    * Memory: 
    N/A

    * FIFO: 
    N/A

    * Expression: 
    +-------------------------+----------+-------+---+----+------------+------------+
    |      Variable Name      | Operation| DSP48E| FF| LUT| Bitwidth P0| Bitwidth P1|
    +-------------------------+----------+-------+---+----+------------+------------+
    |grp_fu_1374_p2           |     *    |      1|  0|  20|          32|          12|
    |add_ln703_14_fu_2488_p2  |     +    |      0|  0|  39|          32|          13|
    |res_0_V                  |     +    |      0|  0|  39|          32|          13|
    |res_10_V                 |     +    |      0|  0|  39|          32|          14|
    |res_11_V                 |     +    |      0|  0|  39|          32|          17|
    |res_12_V                 |     +    |      0|  0|  39|          32|          17|
    |res_13_V                 |     +    |      0|  0|  39|          32|          14|
    |res_15_V                 |     +    |      0|  0|  39|          32|          13|
    |res_16_V                 |     +    |      0|  0|  39|          32|          16|
    |res_17_V                 |     +    |      0|  0|  39|          32|          15|
    |res_18_V                 |     +    |      0|  0|  39|          32|          17|
    |res_19_V                 |     +    |      0|  0|  39|          32|          17|
    |res_1_V                  |     +    |      0|  0|  39|          32|          13|
    |res_20_V                 |     +    |      0|  0|  39|          32|          17|
    |res_21_V                 |     +    |      0|  0|  39|          32|          14|
    |res_22_V                 |     +    |      0|  0|  39|          32|          16|
    |res_23_V                 |     +    |      0|  0|  39|          32|          16|
    |res_24_V                 |     +    |      0|  0|  39|          32|          15|
    |res_25_V                 |     +    |      0|  0|  39|          32|          18|
    |res_26_V                 |     +    |      0|  0|  39|          32|          15|
    |res_27_V                 |     +    |      0|  0|  39|          32|          16|
    |res_28_V                 |     +    |      0|  0|  39|          32|          16|
    |res_29_V                 |     +    |      0|  0|  39|          32|          14|
    |res_2_V                  |     +    |      0|  0|  39|          32|          16|
    |res_30_V                 |     +    |      0|  0|  39|          32|          16|
    |res_31_V                 |     +    |      0|  0|  39|          32|          17|
    |res_32_V                 |     +    |      0|  0|  39|          32|          16|
    |res_33_V                 |     +    |      0|  0|  39|          32|          17|
    |res_34_V                 |     +    |      0|  0|  39|          32|          16|
    |res_35_V                 |     +    |      0|  0|  39|          32|          16|
    |res_36_V                 |     +    |      0|  0|  39|          32|          16|
    |res_37_V                 |     +    |      0|  0|  39|          32|          16|
    |res_38_V                 |     +    |      0|  0|  39|          32|          15|
    |res_39_V                 |     +    |      0|  0|  39|          32|          15|
    |res_3_V                  |     +    |      0|  0|  39|          32|          15|
    |res_40_V                 |     +    |      0|  0|  39|          32|          17|
    |res_41_V                 |     +    |      0|  0|  39|          32|          15|
    |res_42_V                 |     +    |      0|  0|  39|          32|          15|
    |res_43_V                 |     +    |      0|  0|  39|          32|          18|
    |res_44_V                 |     +    |      0|  0|  39|          32|          15|
    |res_45_V                 |     +    |      0|  0|  39|          32|          16|
    |res_46_V                 |     +    |      0|  0|  39|          32|          17|
    |res_47_V                 |     +    |      0|  0|  39|          32|          17|
    |res_48_V                 |     +    |      0|  0|  39|          32|          16|
    |res_49_V                 |     +    |      0|  0|  39|          32|          16|
    |res_4_V                  |     +    |      0|  0|  39|          32|          15|
    |res_50_V                 |     +    |      0|  0|  39|          32|          15|
    |res_51_V                 |     +    |      0|  0|  39|          32|          17|
    |res_52_V                 |     +    |      0|  0|  39|          32|          17|
    |res_53_V                 |     +    |      0|  0|  39|          32|          15|
    |res_54_V                 |     +    |      0|  0|  39|          32|          15|
    |res_55_V                 |     +    |      0|  0|  39|          32|          17|
    |res_56_V                 |     +    |      0|  0|  39|          32|          15|
    |res_57_V                 |     +    |      0|  0|  39|          32|          15|
    |res_58_V                 |     +    |      0|  0|  39|          32|          15|
    |res_59_V                 |     +    |      0|  0|  39|          32|          16|
    |res_5_V                  |     +    |      0|  0|  39|          32|          16|
    |res_60_V                 |     +    |      0|  0|  39|          32|          15|
    |res_61_V                 |     +    |      0|  0|  39|          32|          12|
    |res_62_V                 |     +    |      0|  0|  39|          32|          14|
    |res_63_V                 |     +    |      0|  0|  39|          32|          16|
    |res_6_V                  |     +    |      0|  0|  39|          32|          17|
    |res_7_V                  |     +    |      0|  0|  39|          32|          17|
    |res_8_V                  |     +    |      0|  0|  39|          32|          14|
    |res_9_V                  |     +    |      0|  0|  39|          32|          17|
    |sub_ln1118_fu_2472_p2    |     -    |      0|  0|  49|          42|          42|
    |ap_block_state1          |    or    |      0|  0|   2|           1|           1|
    +-------------------------+----------+-------+---+----+------------+------------+
    |Total                    |          |      1|  0|2567|        2123|        1054|
    +-------------------------+----------+-------+---+----+------------+------------+

    * Multiplexer: 
    +----------------+-----+-----------+-----+-----------+
    |      Name      | LUT | Input Size| Bits| Total Bits|
    +----------------+-----+-----------+-----+-----------+
    |ap_NS_fsm       |  293|         65|    1|         65|
    |ap_done         |    9|          2|    1|          2|
    |grp_fu_1374_p0  |  273|         64|   32|       2048|
    |grp_fu_1374_p1  |  257|         60|   12|        720|
    |res_14_V        |    9|          2|   32|         64|
    +----------------+-----+-----------+-----+-----------+
    |Total           |  841|        193|   78|       2899|
    +----------------+-----+-----------+-----+-----------+

    * Register: 
    +---------------+----+----+-----+-----------+
    |      Name     | FF | LUT| Bits| Const Bits|
    +---------------+----+----+-----+-----------+
    |ap_CS_fsm      |  64|   0|   64|          0|
    |ap_done_reg    |   1|   0|    1|          0|
    |reg_1699       |  32|   0|   32|          0|
    |res_14_V_preg  |  32|   0|   32|          0|
    +---------------+----+----+-----+-----------+
    |Total          | 129|   0|  129|          0|
    +---------------+----+----+-----+-----------+



================================================================
== Interface
================================================================
* Summary: 
+-----------------+-----+-----+------------+----------------------------------------------------------------+--------------+
|    RTL Ports    | Dir | Bits|  Protocol  |                          Source Object                         |    C Type    |
+-----------------+-----+-----+------------+----------------------------------------------------------------+--------------+
|ap_clk           |  in |    1| ap_ctrl_hs | normalize.0.0.0.0.0.0.0.0.0.0.0.0.0.0.0.0.0.0.0.0.0.0.0.0.0..6 | return value |
|ap_rst           |  in |    1| ap_ctrl_hs | normalize.0.0.0.0.0.0.0.0.0.0.0.0.0.0.0.0.0.0.0.0.0.0.0.0.0..6 | return value |
|ap_start         |  in |    1| ap_ctrl_hs | normalize.0.0.0.0.0.0.0.0.0.0.0.0.0.0.0.0.0.0.0.0.0.0.0.0.0..6 | return value |
|ap_done          | out |    1| ap_ctrl_hs | normalize.0.0.0.0.0.0.0.0.0.0.0.0.0.0.0.0.0.0.0.0.0.0.0.0.0..6 | return value |
|ap_continue      |  in |    1| ap_ctrl_hs | normalize.0.0.0.0.0.0.0.0.0.0.0.0.0.0.0.0.0.0.0.0.0.0.0.0.0..6 | return value |
|ap_idle          | out |    1| ap_ctrl_hs | normalize.0.0.0.0.0.0.0.0.0.0.0.0.0.0.0.0.0.0.0.0.0.0.0.0.0..6 | return value |
|ap_ready         | out |    1| ap_ctrl_hs | normalize.0.0.0.0.0.0.0.0.0.0.0.0.0.0.0.0.0.0.0.0.0.0.0.0.0..6 | return value |
|data_0_V         |  in |   32|   ap_none  |                            data_0_V                            |    pointer   |
|data_1_V         |  in |   32|   ap_none  |                            data_1_V                            |    pointer   |
|data_2_V         |  in |   32|   ap_none  |                            data_2_V                            |    pointer   |
|data_3_V         |  in |   32|   ap_none  |                            data_3_V                            |    pointer   |
|data_4_V         |  in |   32|   ap_none  |                            data_4_V                            |    pointer   |
|data_5_V         |  in |   32|   ap_none  |                            data_5_V                            |    pointer   |
|data_6_V         |  in |   32|   ap_none  |                            data_6_V                            |    pointer   |
|data_7_V         |  in |   32|   ap_none  |                            data_7_V                            |    pointer   |
|data_8_V         |  in |   32|   ap_none  |                            data_8_V                            |    pointer   |
|data_9_V         |  in |   32|   ap_none  |                            data_9_V                            |    pointer   |
|data_10_V        |  in |   32|   ap_none  |                            data_10_V                           |    pointer   |
|data_11_V        |  in |   32|   ap_none  |                            data_11_V                           |    pointer   |
|data_12_V        |  in |   32|   ap_none  |                            data_12_V                           |    pointer   |
|data_13_V        |  in |   32|   ap_none  |                            data_13_V                           |    pointer   |
|data_14_V        |  in |   32|   ap_none  |                            data_14_V                           |    pointer   |
|data_15_V        |  in |   32|   ap_none  |                            data_15_V                           |    pointer   |
|data_16_V        |  in |   32|   ap_none  |                            data_16_V                           |    pointer   |
|data_17_V        |  in |   32|   ap_none  |                            data_17_V                           |    pointer   |
|data_18_V        |  in |   32|   ap_none  |                            data_18_V                           |    pointer   |
|data_19_V        |  in |   32|   ap_none  |                            data_19_V                           |    pointer   |
|data_20_V        |  in |   32|   ap_none  |                            data_20_V                           |    pointer   |
|data_21_V        |  in |   32|   ap_none  |                            data_21_V                           |    pointer   |
|data_22_V        |  in |   32|   ap_none  |                            data_22_V                           |    pointer   |
|data_23_V        |  in |   32|   ap_none  |                            data_23_V                           |    pointer   |
|data_24_V        |  in |   32|   ap_none  |                            data_24_V                           |    pointer   |
|data_25_V        |  in |   32|   ap_none  |                            data_25_V                           |    pointer   |
|data_26_V        |  in |   32|   ap_none  |                            data_26_V                           |    pointer   |
|data_27_V        |  in |   32|   ap_none  |                            data_27_V                           |    pointer   |
|data_28_V        |  in |   32|   ap_none  |                            data_28_V                           |    pointer   |
|data_29_V        |  in |   32|   ap_none  |                            data_29_V                           |    pointer   |
|data_30_V        |  in |   32|   ap_none  |                            data_30_V                           |    pointer   |
|data_31_V        |  in |   32|   ap_none  |                            data_31_V                           |    pointer   |
|data_32_V        |  in |   32|   ap_none  |                            data_32_V                           |    pointer   |
|data_33_V        |  in |   32|   ap_none  |                            data_33_V                           |    pointer   |
|data_34_V        |  in |   32|   ap_none  |                            data_34_V                           |    pointer   |
|data_35_V        |  in |   32|   ap_none  |                            data_35_V                           |    pointer   |
|data_36_V        |  in |   32|   ap_none  |                            data_36_V                           |    pointer   |
|data_37_V        |  in |   32|   ap_none  |                            data_37_V                           |    pointer   |
|data_38_V        |  in |   32|   ap_none  |                            data_38_V                           |    pointer   |
|data_39_V        |  in |   32|   ap_none  |                            data_39_V                           |    pointer   |
|data_40_V        |  in |   32|   ap_none  |                            data_40_V                           |    pointer   |
|data_41_V        |  in |   32|   ap_none  |                            data_41_V                           |    pointer   |
|data_42_V        |  in |   32|   ap_none  |                            data_42_V                           |    pointer   |
|data_43_V        |  in |   32|   ap_none  |                            data_43_V                           |    pointer   |
|data_44_V        |  in |   32|   ap_none  |                            data_44_V                           |    pointer   |
|data_45_V        |  in |   32|   ap_none  |                            data_45_V                           |    pointer   |
|data_46_V        |  in |   32|   ap_none  |                            data_46_V                           |    pointer   |
|data_47_V        |  in |   32|   ap_none  |                            data_47_V                           |    pointer   |
|data_48_V        |  in |   32|   ap_none  |                            data_48_V                           |    pointer   |
|data_49_V        |  in |   32|   ap_none  |                            data_49_V                           |    pointer   |
|data_50_V        |  in |   32|   ap_none  |                            data_50_V                           |    pointer   |
|data_51_V        |  in |   32|   ap_none  |                            data_51_V                           |    pointer   |
|data_52_V        |  in |   32|   ap_none  |                            data_52_V                           |    pointer   |
|data_53_V        |  in |   32|   ap_none  |                            data_53_V                           |    pointer   |
|data_54_V        |  in |   32|   ap_none  |                            data_54_V                           |    pointer   |
|data_55_V        |  in |   32|   ap_none  |                            data_55_V                           |    pointer   |
|data_56_V        |  in |   32|   ap_none  |                            data_56_V                           |    pointer   |
|data_57_V        |  in |   32|   ap_none  |                            data_57_V                           |    pointer   |
|data_58_V        |  in |   32|   ap_none  |                            data_58_V                           |    pointer   |
|data_59_V        |  in |   32|   ap_none  |                            data_59_V                           |    pointer   |
|data_60_V        |  in |   32|   ap_none  |                            data_60_V                           |    pointer   |
|data_61_V        |  in |   32|   ap_none  |                            data_61_V                           |    pointer   |
|data_62_V        |  in |   32|   ap_none  |                            data_62_V                           |    pointer   |
|data_63_V        |  in |   32|   ap_none  |                            data_63_V                           |    pointer   |
|res_0_V          | out |   32|   ap_vld   |                             res_0_V                            |    pointer   |
|res_0_V_ap_vld   | out |    1|   ap_vld   |                             res_0_V                            |    pointer   |
|res_1_V          | out |   32|   ap_vld   |                             res_1_V                            |    pointer   |
|res_1_V_ap_vld   | out |    1|   ap_vld   |                             res_1_V                            |    pointer   |
|res_2_V          | out |   32|   ap_vld   |                             res_2_V                            |    pointer   |
|res_2_V_ap_vld   | out |    1|   ap_vld   |                             res_2_V                            |    pointer   |
|res_3_V          | out |   32|   ap_vld   |                             res_3_V                            |    pointer   |
|res_3_V_ap_vld   | out |    1|   ap_vld   |                             res_3_V                            |    pointer   |
|res_4_V          | out |   32|   ap_vld   |                             res_4_V                            |    pointer   |
|res_4_V_ap_vld   | out |    1|   ap_vld   |                             res_4_V                            |    pointer   |
|res_5_V          | out |   32|   ap_vld   |                             res_5_V                            |    pointer   |
|res_5_V_ap_vld   | out |    1|   ap_vld   |                             res_5_V                            |    pointer   |
|res_6_V          | out |   32|   ap_vld   |                             res_6_V                            |    pointer   |
|res_6_V_ap_vld   | out |    1|   ap_vld   |                             res_6_V                            |    pointer   |
|res_7_V          | out |   32|   ap_vld   |                             res_7_V                            |    pointer   |
|res_7_V_ap_vld   | out |    1|   ap_vld   |                             res_7_V                            |    pointer   |
|res_8_V          | out |   32|   ap_vld   |                             res_8_V                            |    pointer   |
|res_8_V_ap_vld   | out |    1|   ap_vld   |                             res_8_V                            |    pointer   |
|res_9_V          | out |   32|   ap_vld   |                             res_9_V                            |    pointer   |
|res_9_V_ap_vld   | out |    1|   ap_vld   |                             res_9_V                            |    pointer   |
|res_10_V         | out |   32|   ap_vld   |                            res_10_V                            |    pointer   |
|res_10_V_ap_vld  | out |    1|   ap_vld   |                            res_10_V                            |    pointer   |
|res_11_V         | out |   32|   ap_vld   |                            res_11_V                            |    pointer   |
|res_11_V_ap_vld  | out |    1|   ap_vld   |                            res_11_V                            |    pointer   |
|res_12_V         | out |   32|   ap_vld   |                            res_12_V                            |    pointer   |
|res_12_V_ap_vld  | out |    1|   ap_vld   |                            res_12_V                            |    pointer   |
|res_13_V         | out |   32|   ap_vld   |                            res_13_V                            |    pointer   |
|res_13_V_ap_vld  | out |    1|   ap_vld   |                            res_13_V                            |    pointer   |
|res_14_V         | out |   32|   ap_vld   |                            res_14_V                            |    pointer   |
|res_14_V_ap_vld  | out |    1|   ap_vld   |                            res_14_V                            |    pointer   |
|res_15_V         | out |   32|   ap_vld   |                            res_15_V                            |    pointer   |
|res_15_V_ap_vld  | out |    1|   ap_vld   |                            res_15_V                            |    pointer   |
|res_16_V         | out |   32|   ap_vld   |                            res_16_V                            |    pointer   |
|res_16_V_ap_vld  | out |    1|   ap_vld   |                            res_16_V                            |    pointer   |
|res_17_V         | out |   32|   ap_vld   |                            res_17_V                            |    pointer   |
|res_17_V_ap_vld  | out |    1|   ap_vld   |                            res_17_V                            |    pointer   |
|res_18_V         | out |   32|   ap_vld   |                            res_18_V                            |    pointer   |
|res_18_V_ap_vld  | out |    1|   ap_vld   |                            res_18_V                            |    pointer   |
|res_19_V         | out |   32|   ap_vld   |                            res_19_V                            |    pointer   |
|res_19_V_ap_vld  | out |    1|   ap_vld   |                            res_19_V                            |    pointer   |
|res_20_V         | out |   32|   ap_vld   |                            res_20_V                            |    pointer   |
|res_20_V_ap_vld  | out |    1|   ap_vld   |                            res_20_V                            |    pointer   |
|res_21_V         | out |   32|   ap_vld   |                            res_21_V                            |    pointer   |
|res_21_V_ap_vld  | out |    1|   ap_vld   |                            res_21_V                            |    pointer   |
|res_22_V         | out |   32|   ap_vld   |                            res_22_V                            |    pointer   |
|res_22_V_ap_vld  | out |    1|   ap_vld   |                            res_22_V                            |    pointer   |
|res_23_V         | out |   32|   ap_vld   |                            res_23_V                            |    pointer   |
|res_23_V_ap_vld  | out |    1|   ap_vld   |                            res_23_V                            |    pointer   |
|res_24_V         | out |   32|   ap_vld   |                            res_24_V                            |    pointer   |
|res_24_V_ap_vld  | out |    1|   ap_vld   |                            res_24_V                            |    pointer   |
|res_25_V         | out |   32|   ap_vld   |                            res_25_V                            |    pointer   |
|res_25_V_ap_vld  | out |    1|   ap_vld   |                            res_25_V                            |    pointer   |
|res_26_V         | out |   32|   ap_vld   |                            res_26_V                            |    pointer   |
|res_26_V_ap_vld  | out |    1|   ap_vld   |                            res_26_V                            |    pointer   |
|res_27_V         | out |   32|   ap_vld   |                            res_27_V                            |    pointer   |
|res_27_V_ap_vld  | out |    1|   ap_vld   |                            res_27_V                            |    pointer   |
|res_28_V         | out |   32|   ap_vld   |                            res_28_V                            |    pointer   |
|res_28_V_ap_vld  | out |    1|   ap_vld   |                            res_28_V                            |    pointer   |
|res_29_V         | out |   32|   ap_vld   |                            res_29_V                            |    pointer   |
|res_29_V_ap_vld  | out |    1|   ap_vld   |                            res_29_V                            |    pointer   |
|res_30_V         | out |   32|   ap_vld   |                            res_30_V                            |    pointer   |
|res_30_V_ap_vld  | out |    1|   ap_vld   |                            res_30_V                            |    pointer   |
|res_31_V         | out |   32|   ap_vld   |                            res_31_V                            |    pointer   |
|res_31_V_ap_vld  | out |    1|   ap_vld   |                            res_31_V                            |    pointer   |
|res_32_V         | out |   32|   ap_vld   |                            res_32_V                            |    pointer   |
|res_32_V_ap_vld  | out |    1|   ap_vld   |                            res_32_V                            |    pointer   |
|res_33_V         | out |   32|   ap_vld   |                            res_33_V                            |    pointer   |
|res_33_V_ap_vld  | out |    1|   ap_vld   |                            res_33_V                            |    pointer   |
|res_34_V         | out |   32|   ap_vld   |                            res_34_V                            |    pointer   |
|res_34_V_ap_vld  | out |    1|   ap_vld   |                            res_34_V                            |    pointer   |
|res_35_V         | out |   32|   ap_vld   |                            res_35_V                            |    pointer   |
|res_35_V_ap_vld  | out |    1|   ap_vld   |                            res_35_V                            |    pointer   |
|res_36_V         | out |   32|   ap_vld   |                            res_36_V                            |    pointer   |
|res_36_V_ap_vld  | out |    1|   ap_vld   |                            res_36_V                            |    pointer   |
|res_37_V         | out |   32|   ap_vld   |                            res_37_V                            |    pointer   |
|res_37_V_ap_vld  | out |    1|   ap_vld   |                            res_37_V                            |    pointer   |
|res_38_V         | out |   32|   ap_vld   |                            res_38_V                            |    pointer   |
|res_38_V_ap_vld  | out |    1|   ap_vld   |                            res_38_V                            |    pointer   |
|res_39_V         | out |   32|   ap_vld   |                            res_39_V                            |    pointer   |
|res_39_V_ap_vld  | out |    1|   ap_vld   |                            res_39_V                            |    pointer   |
|res_40_V         | out |   32|   ap_vld   |                            res_40_V                            |    pointer   |
|res_40_V_ap_vld  | out |    1|   ap_vld   |                            res_40_V                            |    pointer   |
|res_41_V         | out |   32|   ap_vld   |                            res_41_V                            |    pointer   |
|res_41_V_ap_vld  | out |    1|   ap_vld   |                            res_41_V                            |    pointer   |
|res_42_V         | out |   32|   ap_vld   |                            res_42_V                            |    pointer   |
|res_42_V_ap_vld  | out |    1|   ap_vld   |                            res_42_V                            |    pointer   |
|res_43_V         | out |   32|   ap_vld   |                            res_43_V                            |    pointer   |
|res_43_V_ap_vld  | out |    1|   ap_vld   |                            res_43_V                            |    pointer   |
|res_44_V         | out |   32|   ap_vld   |                            res_44_V                            |    pointer   |
|res_44_V_ap_vld  | out |    1|   ap_vld   |                            res_44_V                            |    pointer   |
|res_45_V         | out |   32|   ap_vld   |                            res_45_V                            |    pointer   |
|res_45_V_ap_vld  | out |    1|   ap_vld   |                            res_45_V                            |    pointer   |
|res_46_V         | out |   32|   ap_vld   |                            res_46_V                            |    pointer   |
|res_46_V_ap_vld  | out |    1|   ap_vld   |                            res_46_V                            |    pointer   |
|res_47_V         | out |   32|   ap_vld   |                            res_47_V                            |    pointer   |
|res_47_V_ap_vld  | out |    1|   ap_vld   |                            res_47_V                            |    pointer   |
|res_48_V         | out |   32|   ap_vld   |                            res_48_V                            |    pointer   |
|res_48_V_ap_vld  | out |    1|   ap_vld   |                            res_48_V                            |    pointer   |
|res_49_V         | out |   32|   ap_vld   |                            res_49_V                            |    pointer   |
|res_49_V_ap_vld  | out |    1|   ap_vld   |                            res_49_V                            |    pointer   |
|res_50_V         | out |   32|   ap_vld   |                            res_50_V                            |    pointer   |
|res_50_V_ap_vld  | out |    1|   ap_vld   |                            res_50_V                            |    pointer   |
|res_51_V         | out |   32|   ap_vld   |                            res_51_V                            |    pointer   |
|res_51_V_ap_vld  | out |    1|   ap_vld   |                            res_51_V                            |    pointer   |
|res_52_V         | out |   32|   ap_vld   |                            res_52_V                            |    pointer   |
|res_52_V_ap_vld  | out |    1|   ap_vld   |                            res_52_V                            |    pointer   |
|res_53_V         | out |   32|   ap_vld   |                            res_53_V                            |    pointer   |
|res_53_V_ap_vld  | out |    1|   ap_vld   |                            res_53_V                            |    pointer   |
|res_54_V         | out |   32|   ap_vld   |                            res_54_V                            |    pointer   |
|res_54_V_ap_vld  | out |    1|   ap_vld   |                            res_54_V                            |    pointer   |
|res_55_V         | out |   32|   ap_vld   |                            res_55_V                            |    pointer   |
|res_55_V_ap_vld  | out |    1|   ap_vld   |                            res_55_V                            |    pointer   |
|res_56_V         | out |   32|   ap_vld   |                            res_56_V                            |    pointer   |
|res_56_V_ap_vld  | out |    1|   ap_vld   |                            res_56_V                            |    pointer   |
|res_57_V         | out |   32|   ap_vld   |                            res_57_V                            |    pointer   |
|res_57_V_ap_vld  | out |    1|   ap_vld   |                            res_57_V                            |    pointer   |
|res_58_V         | out |   32|   ap_vld   |                            res_58_V                            |    pointer   |
|res_58_V_ap_vld  | out |    1|   ap_vld   |                            res_58_V                            |    pointer   |
|res_59_V         | out |   32|   ap_vld   |                            res_59_V                            |    pointer   |
|res_59_V_ap_vld  | out |    1|   ap_vld   |                            res_59_V                            |    pointer   |
|res_60_V         | out |   32|   ap_vld   |                            res_60_V                            |    pointer   |
|res_60_V_ap_vld  | out |    1|   ap_vld   |                            res_60_V                            |    pointer   |
|res_61_V         | out |   32|   ap_vld   |                            res_61_V                            |    pointer   |
|res_61_V_ap_vld  | out |    1|   ap_vld   |                            res_61_V                            |    pointer   |
|res_62_V         | out |   32|   ap_vld   |                            res_62_V                            |    pointer   |
|res_62_V_ap_vld  | out |    1|   ap_vld   |                            res_62_V                            |    pointer   |
|res_63_V         | out |   32|   ap_vld   |                            res_63_V                            |    pointer   |
|res_63_V_ap_vld  | out |    1|   ap_vld   |                            res_63_V                            |    pointer   |
+-----------------+-----+-----+------------+----------------------------------------------------------------+--------------+

