

================================================================
== Vivado HLS Report for 'normalize_0_0_0_0_0_0_0_0_0_0_0_0_0_0_0_0_0_0_0_0_0_0_0_0_0_1'
================================================================
* Date:           Thu Apr 15 21:20:13 2021

* Version:        2019.1 (Build 2552052 on Fri May 24 15:28:33 MDT 2019)
* Project:        anomaly_detector_prj
* Solution:       solution1
* Product family: zynq
* Target device:  xc7z020-clg400-1


================================================================
== Performance Estimates
================================================================
+ Timing (ns): 
    * Summary: 
    +--------+-------+----------+------------+
    |  Clock | Target| Estimated| Uncertainty|
    +--------+-------+----------+------------+
    |ap_clk  |  10.00|     8.510|        1.25|
    +--------+-------+----------+------------+

+ Latency (clock cycles): 
    * Summary: 
    +-----+-----+-----+-----+---------+
    |  Latency  |  Interval | Pipeline|
    | min | max | min | max |   Type  |
    +-----+-----+-----+-----+---------+
    |   41|   41|   41|   41|   none  |
    +-----+-----+-----+-----+---------+

    + Detail: 
        * Instance: 
        N/A

        * Loop: 
        N/A



================================================================
== Utilization Estimates
================================================================
* Summary: 
+-----------------+---------+-------+--------+-------+-----+
|       Name      | BRAM_18K| DSP48E|   FF   |  LUT  | URAM|
+-----------------+---------+-------+--------+-------+-----+
|DSP              |        -|      -|       -|      -|    -|
|Expression       |        -|      1|       0|   3291|    -|
|FIFO             |        -|      -|       -|      -|    -|
|Instance         |        -|      -|       -|      -|    -|
|Memory           |        -|      -|       -|      -|    -|
|Multiplexer      |        -|      -|       -|    711|    -|
|Register         |        -|      -|     806|      -|    -|
+-----------------+---------+-------+--------+-------+-----+
|Total            |        0|      1|     806|   4002|    0|
+-----------------+---------+-------+--------+-------+-----+
|Available        |      280|    220|  106400|  53200|    0|
+-----------------+---------+-------+--------+-------+-----+
|Utilization (%)  |        0|   ~0  |   ~0   |      7|    0|
+-----------------+---------+-------+--------+-------+-----+

+ Detail: 
    * Instance: 
    N/A

    * DSP48E: 
    N/A

    * Memory: 
    N/A

    * FIFO: 
    N/A

    * Expression: 
    +-------------------------+----------+-------+---+----+------------+------------+
    |      Variable Name      | Operation| DSP48E| FF| LUT| Bitwidth P0| Bitwidth P1|
    +-------------------------+----------+-------+---+----+------------+------------+
    |grp_fu_1346_p2           |     *    |      1|  0|  20|          32|           8|
    |add_ln1118_1_fu_2434_p2  |     +    |      0|  0|  45|          38|          38|
    |add_ln1118_2_fu_2485_p2  |     +    |      0|  0|  46|          39|          39|
    |add_ln1118_3_fu_2651_p2  |     +    |      0|  0|  46|          39|          39|
    |add_ln1118_4_fu_2702_p2  |     +    |      0|  0|  45|          38|          38|
    |add_ln1118_5_fu_2796_p2  |     +    |      0|  0|  46|          39|          39|
    |add_ln1118_6_fu_2868_p2  |     +    |      0|  0|  45|          38|          38|
    |add_ln1118_7_fu_2962_p2  |     +    |      0|  0|  45|          38|          38|
    |add_ln1118_8_fu_3013_p2  |     +    |      0|  0|  45|          38|          38|
    |add_ln1118_9_fu_3241_p2  |     +    |      0|  0|  46|          39|          39|
    |add_ln1118_fu_2238_p2    |     +    |      0|  0|  45|          38|          38|
    |add_ln703_10_fu_2454_p2  |     +    |      0|  0|  36|          29|          20|
    |add_ln703_11_fu_2505_p2  |     +    |      0|  0|  37|          30|          20|
    |add_ln703_15_fu_2556_p2  |     +    |      0|  0|  37|          30|          19|
    |add_ln703_16_fu_2577_p2  |     +    |      0|  0|  36|          29|          18|
    |add_ln703_19_fu_2628_p2  |     +    |      0|  0|  37|          30|          18|
    |add_ln703_23_fu_2671_p2  |     +    |      0|  0|  37|          30|          17|
    |add_ln703_26_fu_2722_p2  |     +    |      0|  0|  36|          29|          21|
    |add_ln703_27_fu_2765_p2  |     +    |      0|  0|  36|          29|          21|
    |add_ln703_2_fu_2258_p2   |     +    |      0|  0|  36|          29|          20|
    |add_ln703_33_fu_2816_p2  |     +    |      0|  0|  37|          30|          19|
    |add_ln703_38_fu_2837_p2  |     +    |      0|  0|  35|          28|          20|
    |add_ln703_39_fu_2888_p2  |     +    |      0|  0|  36|          29|          20|
    |add_ln703_40_fu_2931_p2  |     +    |      0|  0|  36|          29|          20|
    |add_ln703_41_fu_2982_p2  |     +    |      0|  0|  36|          29|          22|
    |add_ln703_44_fu_3033_p2  |     +    |      0|  0|  36|          29|          20|
    |add_ln703_46_fu_3084_p2  |     +    |      0|  0|  37|          30|          21|
    |add_ln703_47_fu_3105_p2  |     +    |      0|  0|  35|          28|          21|
    |add_ln703_4_fu_2309_p2   |     +    |      0|  0|  37|          30|          20|
    |add_ln703_50_fu_3156_p2  |     +    |      0|  0|  37|          30|          18|
    |add_ln703_60_fu_3207_p2  |     +    |      0|  0|  37|          30|          12|
    |add_ln703_63_fu_3261_p2  |     +    |      0|  0|  37|          30|          20|
    |add_ln703_7_fu_2360_p2   |     +    |      0|  0|  37|          30|          16|
    |add_ln703_9_fu_2403_p2   |     +    |      0|  0|  36|          29|          20|
    |res_0_V                  |     +    |      0|  0|  37|          30|          21|
    |res_12_V                 |     +    |      0|  0|  37|          30|          19|
    |res_13_V                 |     +    |      0|  0|  38|          31|          17|
    |res_14_V                 |     +    |      0|  0|  38|          31|          20|
    |res_17_V                 |     +    |      0|  0|  37|          30|          20|
    |res_18_V                 |     +    |      0|  0|  37|          30|          19|
    |res_1_V                  |     +    |      0|  0|  37|          30|          18|
    |res_20_V                 |     +    |      0|  0|  36|          29|          21|
    |res_21_V                 |     +    |      0|  0|  38|          31|          19|
    |res_22_V                 |     +    |      0|  0|  38|          31|          17|
    |res_24_V                 |     +    |      0|  0|  37|          30|          19|
    |res_25_V                 |     +    |      0|  0|  37|          30|          20|
    |res_28_V                 |     +    |      0|  0|  37|          30|          19|
    |res_29_V                 |     +    |      0|  0|  37|          30|          21|
    |res_30_V                 |     +    |      0|  0|  37|          30|          20|
    |res_31_V                 |     +    |      0|  0|  37|          30|          17|
    |res_32_V                 |     +    |      0|  0|  37|          30|          20|
    |res_34_V                 |     +    |      0|  0|  37|          30|          21|
    |res_35_V                 |     +    |      0|  0|  37|          30|          20|
    |res_36_V                 |     +    |      0|  0|  38|          31|          14|
    |res_37_V                 |     +    |      0|  0|  37|          30|          21|
    |res_3_V                  |     +    |      0|  0|  37|          30|          16|
    |res_42_V                 |     +    |      0|  0|  37|          30|          20|
    |res_43_V                 |     +    |      0|  0|  37|          30|          20|
    |res_45_V                 |     +    |      0|  0|  37|          30|          18|
    |res_48_V                 |     +    |      0|  0|  37|          30|          20|
    |res_49_V                 |     +    |      0|  0|  37|          30|          21|
    |res_51_V                 |     +    |      0|  0|  37|          30|          18|
    |res_52_V                 |     +    |      0|  0|  37|          30|          19|
    |res_53_V                 |     +    |      0|  0|  38|          31|          17|
    |res_54_V                 |     +    |      0|  0|  36|          29|          20|
    |res_55_V                 |     +    |      0|  0|  37|          30|          18|
    |res_56_V                 |     +    |      0|  0|  37|          30|          19|
    |res_57_V                 |     +    |      0|  0|  37|          30|          20|
    |res_58_V                 |     +    |      0|  0|  37|          30|          19|
    |res_59_V                 |     +    |      0|  0|  37|          30|          19|
    |res_5_V                  |     +    |      0|  0|  37|          30|          19|
    |res_61_V                 |     +    |      0|  0|  37|          30|          19|
    |res_62_V                 |     +    |      0|  0|  37|          30|          19|
    |res_6_V                  |     +    |      0|  0|  37|          30|          20|
    |res_8_V                  |     +    |      0|  0|  37|          30|          21|
    |sub_ln1118_1_fu_2340_p2  |     -    |      0|  0|  46|          39|          39|
    |sub_ln1118_2_fu_2383_p2  |     -    |      0|  0|  45|          38|          38|
    |sub_ln1118_3_fu_2536_p2  |     -    |      0|  0|  46|          39|          39|
    |sub_ln1118_4_fu_2608_p2  |     -    |      0|  0|  46|          39|          39|
    |sub_ln1118_5_fu_2745_p2  |     -    |      0|  0|  45|          38|          38|
    |sub_ln1118_6_fu_2911_p2  |     -    |      0|  0|  45|          38|          38|
    |sub_ln1118_7_fu_3064_p2  |     -    |      0|  0|  46|          39|          39|
    |sub_ln1118_8_fu_3136_p2  |     -    |      0|  0|  46|          39|          39|
    |sub_ln1118_9_fu_3187_p2  |     -    |      0|  0|  46|          39|          39|
    |sub_ln1118_fu_2289_p2    |     -    |      0|  0|  46|          39|          39|
    |ap_block_state1          |    or    |      0|  0|   2|           1|           1|
    +-------------------------+----------+-------+---+----+------------+------------+
    |Total                    |          |      1|  0|3291|        2714|        2008|
    +-------------------------+----------+-------+---+----+------------+------------+

    * Multiplexer: 
    +----------------+-----+-----------+-----+-----------+
    |      Name      | LUT | Input Size| Bits| Total Bits|
    +----------------+-----+-----------+-----+-----------+
    |ap_NS_fsm       |  189|         43|    1|         43|
    |ap_done         |    9|          2|    1|          2|
    |grp_fu_1346_p0  |  185|         42|   32|       1344|
    |grp_fu_1346_p1  |  121|         26|    8|        208|
    |res_10_V        |    9|          2|   29|         58|
    |res_11_V        |    9|          2|   30|         60|
    |res_15_V        |    9|          2|   30|         60|
    |res_16_V        |    9|          2|   29|         58|
    |res_19_V        |    9|          2|   30|         60|
    |res_23_V        |    9|          2|   30|         60|
    |res_26_V        |    9|          2|   29|         58|
    |res_27_V        |    9|          2|   29|         58|
    |res_2_V         |    9|          2|   29|         58|
    |res_33_V        |    9|          2|   30|         60|
    |res_38_V        |    9|          2|   28|         56|
    |res_39_V        |    9|          2|   29|         58|
    |res_40_V        |    9|          2|   29|         58|
    |res_41_V        |    9|          2|   29|         58|
    |res_44_V        |    9|          2|   29|         58|
    |res_46_V        |    9|          2|   30|         60|
    |res_47_V        |    9|          2|   28|         56|
    |res_4_V         |    9|          2|   30|         60|
    |res_50_V        |    9|          2|   30|         60|
    |res_60_V        |    9|          2|   30|         60|
    |res_63_V        |    9|          2|   30|         60|
    |res_7_V         |    9|          2|   30|         60|
    |res_9_V         |    9|          2|   29|         58|
    +----------------+-----+-----------+-----+-----------+
    |Total           |  711|        159|  718|       2949|
    +----------------+-----+-----------+-----+-----------+

    * Register: 
    +---------------+----+----+-----+-----------+
    |      Name     | FF | LUT| Bits| Const Bits|
    +---------------+----+----+-----+-----------+
    |ap_CS_fsm      |  42|   0|   42|          0|
    |ap_done_reg    |   1|   0|    1|          0|
    |reg_1557       |  29|   0|   29|          0|
    |reg_1561       |  30|   0|   30|          0|
    |reg_1565       |  28|   0|   28|          0|
    |res_10_V_preg  |  29|   0|   29|          0|
    |res_11_V_preg  |  30|   0|   30|          0|
    |res_15_V_preg  |  30|   0|   30|          0|
    |res_16_V_preg  |  29|   0|   29|          0|
    |res_19_V_preg  |  30|   0|   30|          0|
    |res_23_V_preg  |  30|   0|   30|          0|
    |res_26_V_preg  |  29|   0|   29|          0|
    |res_27_V_preg  |  29|   0|   29|          0|
    |res_2_V_preg   |  29|   0|   29|          0|
    |res_33_V_preg  |  30|   0|   30|          0|
    |res_38_V_preg  |  28|   0|   28|          0|
    |res_39_V_preg  |  29|   0|   29|          0|
    |res_40_V_preg  |  29|   0|   29|          0|
    |res_41_V_preg  |  29|   0|   29|          0|
    |res_44_V_preg  |  29|   0|   29|          0|
    |res_46_V_preg  |  30|   0|   30|          0|
    |res_47_V_preg  |  28|   0|   28|          0|
    |res_4_V_preg   |  30|   0|   30|          0|
    |res_50_V_preg  |  30|   0|   30|          0|
    |res_60_V_preg  |  30|   0|   30|          0|
    |res_63_V_preg  |  30|   0|   30|          0|
    |res_7_V_preg   |  30|   0|   30|          0|
    |res_9_V_preg   |  29|   0|   29|          0|
    +---------------+----+----+-----+-----------+
    |Total          | 806|   0|  806|          0|
    +---------------+----+----+-----+-----------+



================================================================
== Interface
================================================================
* Summary: 
+-----------------+-----+-----+------------+----------------------------------------------------------------+--------------+
|    RTL Ports    | Dir | Bits|  Protocol  |                          Source Object                         |    C Type    |
+-----------------+-----+-----+------------+----------------------------------------------------------------+--------------+
|ap_clk           |  in |    1| ap_ctrl_hs | normalize.0.0.0.0.0.0.0.0.0.0.0.0.0.0.0.0.0.0.0.0.0.0.0.0.0..1 | return value |
|ap_rst           |  in |    1| ap_ctrl_hs | normalize.0.0.0.0.0.0.0.0.0.0.0.0.0.0.0.0.0.0.0.0.0.0.0.0.0..1 | return value |
|ap_start         |  in |    1| ap_ctrl_hs | normalize.0.0.0.0.0.0.0.0.0.0.0.0.0.0.0.0.0.0.0.0.0.0.0.0.0..1 | return value |
|ap_done          | out |    1| ap_ctrl_hs | normalize.0.0.0.0.0.0.0.0.0.0.0.0.0.0.0.0.0.0.0.0.0.0.0.0.0..1 | return value |
|ap_continue      |  in |    1| ap_ctrl_hs | normalize.0.0.0.0.0.0.0.0.0.0.0.0.0.0.0.0.0.0.0.0.0.0.0.0.0..1 | return value |
|ap_idle          | out |    1| ap_ctrl_hs | normalize.0.0.0.0.0.0.0.0.0.0.0.0.0.0.0.0.0.0.0.0.0.0.0.0.0..1 | return value |
|ap_ready         | out |    1| ap_ctrl_hs | normalize.0.0.0.0.0.0.0.0.0.0.0.0.0.0.0.0.0.0.0.0.0.0.0.0.0..1 | return value |
|data_0_V         |  in |   32|   ap_none  |                            data_0_V                            |    pointer   |
|data_1_V         |  in |   32|   ap_none  |                            data_1_V                            |    pointer   |
|data_2_V         |  in |   32|   ap_none  |                            data_2_V                            |    pointer   |
|data_3_V         |  in |   32|   ap_none  |                            data_3_V                            |    pointer   |
|data_4_V         |  in |   32|   ap_none  |                            data_4_V                            |    pointer   |
|data_5_V         |  in |   32|   ap_none  |                            data_5_V                            |    pointer   |
|data_6_V         |  in |   32|   ap_none  |                            data_6_V                            |    pointer   |
|data_7_V         |  in |   32|   ap_none  |                            data_7_V                            |    pointer   |
|data_8_V         |  in |   32|   ap_none  |                            data_8_V                            |    pointer   |
|data_9_V         |  in |   32|   ap_none  |                            data_9_V                            |    pointer   |
|data_10_V        |  in |   32|   ap_none  |                            data_10_V                           |    pointer   |
|data_11_V        |  in |   32|   ap_none  |                            data_11_V                           |    pointer   |
|data_12_V        |  in |   32|   ap_none  |                            data_12_V                           |    pointer   |
|data_13_V        |  in |   32|   ap_none  |                            data_13_V                           |    pointer   |
|data_14_V        |  in |   32|   ap_none  |                            data_14_V                           |    pointer   |
|data_15_V        |  in |   32|   ap_none  |                            data_15_V                           |    pointer   |
|data_16_V        |  in |   32|   ap_none  |                            data_16_V                           |    pointer   |
|data_17_V        |  in |   32|   ap_none  |                            data_17_V                           |    pointer   |
|data_18_V        |  in |   32|   ap_none  |                            data_18_V                           |    pointer   |
|data_19_V        |  in |   32|   ap_none  |                            data_19_V                           |    pointer   |
|data_20_V        |  in |   32|   ap_none  |                            data_20_V                           |    pointer   |
|data_21_V        |  in |   32|   ap_none  |                            data_21_V                           |    pointer   |
|data_22_V        |  in |   32|   ap_none  |                            data_22_V                           |    pointer   |
|data_23_V        |  in |   32|   ap_none  |                            data_23_V                           |    pointer   |
|data_24_V        |  in |   32|   ap_none  |                            data_24_V                           |    pointer   |
|data_25_V        |  in |   32|   ap_none  |                            data_25_V                           |    pointer   |
|data_26_V        |  in |   32|   ap_none  |                            data_26_V                           |    pointer   |
|data_27_V        |  in |   32|   ap_none  |                            data_27_V                           |    pointer   |
|data_28_V        |  in |   32|   ap_none  |                            data_28_V                           |    pointer   |
|data_29_V        |  in |   32|   ap_none  |                            data_29_V                           |    pointer   |
|data_30_V        |  in |   32|   ap_none  |                            data_30_V                           |    pointer   |
|data_31_V        |  in |   32|   ap_none  |                            data_31_V                           |    pointer   |
|data_32_V        |  in |   32|   ap_none  |                            data_32_V                           |    pointer   |
|data_33_V        |  in |   32|   ap_none  |                            data_33_V                           |    pointer   |
|data_34_V        |  in |   32|   ap_none  |                            data_34_V                           |    pointer   |
|data_35_V        |  in |   32|   ap_none  |                            data_35_V                           |    pointer   |
|data_36_V        |  in |   32|   ap_none  |                            data_36_V                           |    pointer   |
|data_37_V        |  in |   32|   ap_none  |                            data_37_V                           |    pointer   |
|data_38_V        |  in |   32|   ap_none  |                            data_38_V                           |    pointer   |
|data_39_V        |  in |   32|   ap_none  |                            data_39_V                           |    pointer   |
|data_40_V        |  in |   32|   ap_none  |                            data_40_V                           |    pointer   |
|data_41_V        |  in |   32|   ap_none  |                            data_41_V                           |    pointer   |
|data_42_V        |  in |   32|   ap_none  |                            data_42_V                           |    pointer   |
|data_43_V        |  in |   32|   ap_none  |                            data_43_V                           |    pointer   |
|data_44_V        |  in |   32|   ap_none  |                            data_44_V                           |    pointer   |
|data_45_V        |  in |   32|   ap_none  |                            data_45_V                           |    pointer   |
|data_46_V        |  in |   32|   ap_none  |                            data_46_V                           |    pointer   |
|data_47_V        |  in |   32|   ap_none  |                            data_47_V                           |    pointer   |
|data_48_V        |  in |   32|   ap_none  |                            data_48_V                           |    pointer   |
|data_49_V        |  in |   32|   ap_none  |                            data_49_V                           |    pointer   |
|data_50_V        |  in |   32|   ap_none  |                            data_50_V                           |    pointer   |
|data_51_V        |  in |   32|   ap_none  |                            data_51_V                           |    pointer   |
|data_52_V        |  in |   32|   ap_none  |                            data_52_V                           |    pointer   |
|data_53_V        |  in |   32|   ap_none  |                            data_53_V                           |    pointer   |
|data_54_V        |  in |   32|   ap_none  |                            data_54_V                           |    pointer   |
|data_55_V        |  in |   32|   ap_none  |                            data_55_V                           |    pointer   |
|data_56_V        |  in |   32|   ap_none  |                            data_56_V                           |    pointer   |
|data_57_V        |  in |   32|   ap_none  |                            data_57_V                           |    pointer   |
|data_58_V        |  in |   32|   ap_none  |                            data_58_V                           |    pointer   |
|data_59_V        |  in |   32|   ap_none  |                            data_59_V                           |    pointer   |
|data_60_V        |  in |   32|   ap_none  |                            data_60_V                           |    pointer   |
|data_61_V        |  in |   32|   ap_none  |                            data_61_V                           |    pointer   |
|data_62_V        |  in |   32|   ap_none  |                            data_62_V                           |    pointer   |
|data_63_V        |  in |   32|   ap_none  |                            data_63_V                           |    pointer   |
|res_0_V          | out |   30|   ap_vld   |                             res_0_V                            |    pointer   |
|res_0_V_ap_vld   | out |    1|   ap_vld   |                             res_0_V                            |    pointer   |
|res_1_V          | out |   30|   ap_vld   |                             res_1_V                            |    pointer   |
|res_1_V_ap_vld   | out |    1|   ap_vld   |                             res_1_V                            |    pointer   |
|res_2_V          | out |   29|   ap_vld   |                             res_2_V                            |    pointer   |
|res_2_V_ap_vld   | out |    1|   ap_vld   |                             res_2_V                            |    pointer   |
|res_3_V          | out |   30|   ap_vld   |                             res_3_V                            |    pointer   |
|res_3_V_ap_vld   | out |    1|   ap_vld   |                             res_3_V                            |    pointer   |
|res_4_V          | out |   30|   ap_vld   |                             res_4_V                            |    pointer   |
|res_4_V_ap_vld   | out |    1|   ap_vld   |                             res_4_V                            |    pointer   |
|res_5_V          | out |   30|   ap_vld   |                             res_5_V                            |    pointer   |
|res_5_V_ap_vld   | out |    1|   ap_vld   |                             res_5_V                            |    pointer   |
|res_6_V          | out |   30|   ap_vld   |                             res_6_V                            |    pointer   |
|res_6_V_ap_vld   | out |    1|   ap_vld   |                             res_6_V                            |    pointer   |
|res_7_V          | out |   30|   ap_vld   |                             res_7_V                            |    pointer   |
|res_7_V_ap_vld   | out |    1|   ap_vld   |                             res_7_V                            |    pointer   |
|res_8_V          | out |   30|   ap_vld   |                             res_8_V                            |    pointer   |
|res_8_V_ap_vld   | out |    1|   ap_vld   |                             res_8_V                            |    pointer   |
|res_9_V          | out |   29|   ap_vld   |                             res_9_V                            |    pointer   |
|res_9_V_ap_vld   | out |    1|   ap_vld   |                             res_9_V                            |    pointer   |
|res_10_V         | out |   29|   ap_vld   |                            res_10_V                            |    pointer   |
|res_10_V_ap_vld  | out |    1|   ap_vld   |                            res_10_V                            |    pointer   |
|res_11_V         | out |   30|   ap_vld   |                            res_11_V                            |    pointer   |
|res_11_V_ap_vld  | out |    1|   ap_vld   |                            res_11_V                            |    pointer   |
|res_12_V         | out |   30|   ap_vld   |                            res_12_V                            |    pointer   |
|res_12_V_ap_vld  | out |    1|   ap_vld   |                            res_12_V                            |    pointer   |
|res_13_V         | out |   31|   ap_vld   |                            res_13_V                            |    pointer   |
|res_13_V_ap_vld  | out |    1|   ap_vld   |                            res_13_V                            |    pointer   |
|res_14_V         | out |   31|   ap_vld   |                            res_14_V                            |    pointer   |
|res_14_V_ap_vld  | out |    1|   ap_vld   |                            res_14_V                            |    pointer   |
|res_15_V         | out |   30|   ap_vld   |                            res_15_V                            |    pointer   |
|res_15_V_ap_vld  | out |    1|   ap_vld   |                            res_15_V                            |    pointer   |
|res_16_V         | out |   29|   ap_vld   |                            res_16_V                            |    pointer   |
|res_16_V_ap_vld  | out |    1|   ap_vld   |                            res_16_V                            |    pointer   |
|res_17_V         | out |   30|   ap_vld   |                            res_17_V                            |    pointer   |
|res_17_V_ap_vld  | out |    1|   ap_vld   |                            res_17_V                            |    pointer   |
|res_18_V         | out |   30|   ap_vld   |                            res_18_V                            |    pointer   |
|res_18_V_ap_vld  | out |    1|   ap_vld   |                            res_18_V                            |    pointer   |
|res_19_V         | out |   30|   ap_vld   |                            res_19_V                            |    pointer   |
|res_19_V_ap_vld  | out |    1|   ap_vld   |                            res_19_V                            |    pointer   |
|res_20_V         | out |   29|   ap_vld   |                            res_20_V                            |    pointer   |
|res_20_V_ap_vld  | out |    1|   ap_vld   |                            res_20_V                            |    pointer   |
|res_21_V         | out |   31|   ap_vld   |                            res_21_V                            |    pointer   |
|res_21_V_ap_vld  | out |    1|   ap_vld   |                            res_21_V                            |    pointer   |
|res_22_V         | out |   31|   ap_vld   |                            res_22_V                            |    pointer   |
|res_22_V_ap_vld  | out |    1|   ap_vld   |                            res_22_V                            |    pointer   |
|res_23_V         | out |   30|   ap_vld   |                            res_23_V                            |    pointer   |
|res_23_V_ap_vld  | out |    1|   ap_vld   |                            res_23_V                            |    pointer   |
|res_24_V         | out |   30|   ap_vld   |                            res_24_V                            |    pointer   |
|res_24_V_ap_vld  | out |    1|   ap_vld   |                            res_24_V                            |    pointer   |
|res_25_V         | out |   30|   ap_vld   |                            res_25_V                            |    pointer   |
|res_25_V_ap_vld  | out |    1|   ap_vld   |                            res_25_V                            |    pointer   |
|res_26_V         | out |   29|   ap_vld   |                            res_26_V                            |    pointer   |
|res_26_V_ap_vld  | out |    1|   ap_vld   |                            res_26_V                            |    pointer   |
|res_27_V         | out |   29|   ap_vld   |                            res_27_V                            |    pointer   |
|res_27_V_ap_vld  | out |    1|   ap_vld   |                            res_27_V                            |    pointer   |
|res_28_V         | out |   30|   ap_vld   |                            res_28_V                            |    pointer   |
|res_28_V_ap_vld  | out |    1|   ap_vld   |                            res_28_V                            |    pointer   |
|res_29_V         | out |   30|   ap_vld   |                            res_29_V                            |    pointer   |
|res_29_V_ap_vld  | out |    1|   ap_vld   |                            res_29_V                            |    pointer   |
|res_30_V         | out |   30|   ap_vld   |                            res_30_V                            |    pointer   |
|res_30_V_ap_vld  | out |    1|   ap_vld   |                            res_30_V                            |    pointer   |
|res_31_V         | out |   30|   ap_vld   |                            res_31_V                            |    pointer   |
|res_31_V_ap_vld  | out |    1|   ap_vld   |                            res_31_V                            |    pointer   |
|res_32_V         | out |   30|   ap_vld   |                            res_32_V                            |    pointer   |
|res_32_V_ap_vld  | out |    1|   ap_vld   |                            res_32_V                            |    pointer   |
|res_33_V         | out |   30|   ap_vld   |                            res_33_V                            |    pointer   |
|res_33_V_ap_vld  | out |    1|   ap_vld   |                            res_33_V                            |    pointer   |
|res_34_V         | out |   30|   ap_vld   |                            res_34_V                            |    pointer   |
|res_34_V_ap_vld  | out |    1|   ap_vld   |                            res_34_V                            |    pointer   |
|res_35_V         | out |   30|   ap_vld   |                            res_35_V                            |    pointer   |
|res_35_V_ap_vld  | out |    1|   ap_vld   |                            res_35_V                            |    pointer   |
|res_36_V         | out |   31|   ap_vld   |                            res_36_V                            |    pointer   |
|res_36_V_ap_vld  | out |    1|   ap_vld   |                            res_36_V                            |    pointer   |
|res_37_V         | out |   30|   ap_vld   |                            res_37_V                            |    pointer   |
|res_37_V_ap_vld  | out |    1|   ap_vld   |                            res_37_V                            |    pointer   |
|res_38_V         | out |   28|   ap_vld   |                            res_38_V                            |    pointer   |
|res_38_V_ap_vld  | out |    1|   ap_vld   |                            res_38_V                            |    pointer   |
|res_39_V         | out |   29|   ap_vld   |                            res_39_V                            |    pointer   |
|res_39_V_ap_vld  | out |    1|   ap_vld   |                            res_39_V                            |    pointer   |
|res_40_V         | out |   29|   ap_vld   |                            res_40_V                            |    pointer   |
|res_40_V_ap_vld  | out |    1|   ap_vld   |                            res_40_V                            |    pointer   |
|res_41_V         | out |   29|   ap_vld   |                            res_41_V                            |    pointer   |
|res_41_V_ap_vld  | out |    1|   ap_vld   |                            res_41_V                            |    pointer   |
|res_42_V         | out |   30|   ap_vld   |                            res_42_V                            |    pointer   |
|res_42_V_ap_vld  | out |    1|   ap_vld   |                            res_42_V                            |    pointer   |
|res_43_V         | out |   30|   ap_vld   |                            res_43_V                            |    pointer   |
|res_43_V_ap_vld  | out |    1|   ap_vld   |                            res_43_V                            |    pointer   |
|res_44_V         | out |   29|   ap_vld   |                            res_44_V                            |    pointer   |
|res_44_V_ap_vld  | out |    1|   ap_vld   |                            res_44_V                            |    pointer   |
|res_45_V         | out |   30|   ap_vld   |                            res_45_V                            |    pointer   |
|res_45_V_ap_vld  | out |    1|   ap_vld   |                            res_45_V                            |    pointer   |
|res_46_V         | out |   30|   ap_vld   |                            res_46_V                            |    pointer   |
|res_46_V_ap_vld  | out |    1|   ap_vld   |                            res_46_V                            |    pointer   |
|res_47_V         | out |   28|   ap_vld   |                            res_47_V                            |    pointer   |
|res_47_V_ap_vld  | out |    1|   ap_vld   |                            res_47_V                            |    pointer   |
|res_48_V         | out |   30|   ap_vld   |                            res_48_V                            |    pointer   |
|res_48_V_ap_vld  | out |    1|   ap_vld   |                            res_48_V                            |    pointer   |
|res_49_V         | out |   30|   ap_vld   |                            res_49_V                            |    pointer   |
|res_49_V_ap_vld  | out |    1|   ap_vld   |                            res_49_V                            |    pointer   |
|res_50_V         | out |   30|   ap_vld   |                            res_50_V                            |    pointer   |
|res_50_V_ap_vld  | out |    1|   ap_vld   |                            res_50_V                            |    pointer   |
|res_51_V         | out |   30|   ap_vld   |                            res_51_V                            |    pointer   |
|res_51_V_ap_vld  | out |    1|   ap_vld   |                            res_51_V                            |    pointer   |
|res_52_V         | out |   30|   ap_vld   |                            res_52_V                            |    pointer   |
|res_52_V_ap_vld  | out |    1|   ap_vld   |                            res_52_V                            |    pointer   |
|res_53_V         | out |   31|   ap_vld   |                            res_53_V                            |    pointer   |
|res_53_V_ap_vld  | out |    1|   ap_vld   |                            res_53_V                            |    pointer   |
|res_54_V         | out |   29|   ap_vld   |                            res_54_V                            |    pointer   |
|res_54_V_ap_vld  | out |    1|   ap_vld   |                            res_54_V                            |    pointer   |
|res_55_V         | out |   30|   ap_vld   |                            res_55_V                            |    pointer   |
|res_55_V_ap_vld  | out |    1|   ap_vld   |                            res_55_V                            |    pointer   |
|res_56_V         | out |   30|   ap_vld   |                            res_56_V                            |    pointer   |
|res_56_V_ap_vld  | out |    1|   ap_vld   |                            res_56_V                            |    pointer   |
|res_57_V         | out |   30|   ap_vld   |                            res_57_V                            |    pointer   |
|res_57_V_ap_vld  | out |    1|   ap_vld   |                            res_57_V                            |    pointer   |
|res_58_V         | out |   30|   ap_vld   |                            res_58_V                            |    pointer   |
|res_58_V_ap_vld  | out |    1|   ap_vld   |                            res_58_V                            |    pointer   |
|res_59_V         | out |   30|   ap_vld   |                            res_59_V                            |    pointer   |
|res_59_V_ap_vld  | out |    1|   ap_vld   |                            res_59_V                            |    pointer   |
|res_60_V         | out |   30|   ap_vld   |                            res_60_V                            |    pointer   |
|res_60_V_ap_vld  | out |    1|   ap_vld   |                            res_60_V                            |    pointer   |
|res_61_V         | out |   30|   ap_vld   |                            res_61_V                            |    pointer   |
|res_61_V_ap_vld  | out |    1|   ap_vld   |                            res_61_V                            |    pointer   |
|res_62_V         | out |   30|   ap_vld   |                            res_62_V                            |    pointer   |
|res_62_V_ap_vld  | out |    1|   ap_vld   |                            res_62_V                            |    pointer   |
|res_63_V         | out |   30|   ap_vld   |                            res_63_V                            |    pointer   |
|res_63_V_ap_vld  | out |    1|   ap_vld   |                            res_63_V                            |    pointer   |
+-----------------+-----+-----+------------+----------------------------------------------------------------+--------------+

